<?xml version="1.0" encoding="UTF-8" standalone="yes"?><!DOCTYPE report PUBLIC "-//JACOCO//DTD Report 1.0//EN" "report.dtd"><report name="jVTLlib"><sessioninfo id="clientp683-b008206c" start="1529400375663" dump="1529400379569"/><sessioninfo id="clientp683-a3be2a6" start="1529400375601" dump="1529400380178"/><sessioninfo id="clientp683-8236848f" start="1529400375616" dump="1529400380256"/><sessioninfo id="clientp683-163c1f9c" start="1529404584421" dump="1529404588418"/><sessioninfo id="clientp683-3319d44c" start="1529404584493" dump="1529404588487"/><sessioninfo id="clientp683-f50d940" start="1529404584377" dump="1529404588725"/><package name="it/islandofcode/jvtllib/newparser"><class name="it/islandofcode/jvtllib/newparser/NumberOp"><method name="&lt;init&gt;" desc="()V" line="12"><counter type="INSTRUCTION" missed="3" covered="0"/><counter type="LINE" missed="1" covered="0"/><counter type="COMPLEXITY" missed="1" covered="0"/><counter type="METHOD" missed="1" covered="0"/></method><method name="add" desc="(Lit/islandofcode/jvtllib/model/Scalar;Lit/islandofcode/jvtllib/model/Scalar;)Lit/islandofcode/jvtllib/model/Scalar;" line="17"><counter type="INSTRUCTION" missed="51" covered="0"/><counter type="BRANCH" missed="8" covered="0"/><counter type="LINE" missed="5" covered="0"/><counter type="COMPLEXITY" missed="5" covered="0"/><counter type="METHOD" missed="1" covered="0"/></method><method name="mul" desc="(Lit/islandofcode/jvtllib/model/Scalar;Lit/islandofcode/jvtllib/model/Scalar;)Lit/islandofcode/jvtllib/model/Scalar;" line="27"><counter type="INSTRUCTION" missed="51" covered="0"/><counter type="BRANCH" missed="8" covered="0"/><counter type="LINE" missed="5" covered="0"/><counter type="COMPLEXITY" missed="5" covered="0"/><counter type="METHOD" missed="1" covered="0"/></method><method name="sub" desc="(Lit/islandofcode/jvtllib/model/Scalar;Lit/islandofcode/jvtllib/model/Scalar;)Lit/islandofcode/jvtllib/model/Scalar;" line="37"><counter type="INSTRUCTION" missed="77" covered="0"/><counter type="BRANCH" missed="12" covered="0"/><counter type="LINE" missed="7" covered="0"/><counter type="COMPLEXITY" missed="7" covered="0"/><counter type="METHOD" missed="1" covered="0"/></method><method name="div" desc="(Lit/islandofcode/jvtllib/model/Scalar;Lit/islandofcode/jvtllib/model/Scalar;)Lit/islandofcode/jvtllib/model/Scalar;" line="49"><counter type="INSTRUCTION" missed="61" covered="0"/><counter type="BRANCH" missed="10" covered="0"/><counter type="LINE" missed="7" covered="0"/><counter type="COMPLEXITY" missed="6" covered="0"/><counter type="METHOD" missed="1" covered="0"/></method><method name="add" desc="(Lit/islandofcode/jvtllib/model/DataSet;Lit/islandofcode/jvtllib/model/Scalar;)Lit/islandofcode/jvtllib/model/DataSet;" line="64"><counter type="INSTRUCTION" missed="5" covered="0"/><counter type="LINE" missed="1" covered="0"/><counter type="COMPLEXITY" missed="1" covered="0"/><counter type="METHOD" missed="1" covered="0"/></method><method name="mul" desc="(Lit/islandofcode/jvtllib/model/DataSet;Lit/islandofcode/jvtllib/model/Scalar;)Lit/islandofcode/jvtllib/model/DataSet;" line="68"><counter type="INSTRUCTION" missed="5" covered="0"/><counter type="LINE" missed="1" covered="0"/><counter type="COMPLEXITY" missed="1" covered="0"/><counter type="METHOD" missed="1" covered="0"/></method><method name="add" desc="(Lit/islandofcode/jvtllib/model/DataSet;Lit/islandofcode/jvtllib/model/DataSet;)Lit/islandofcode/jvtllib/model/Scalar;" line="75"><counter type="INSTRUCTION" missed="16" covered="0"/><counter type="BRANCH" missed="2" covered="0"/><counter type="LINE" missed="3" covered="0"/><counter type="COMPLEXITY" missed="2" covered="0"/><counter type="METHOD" missed="1" covered="0"/></method><method name="mul" desc="(Lit/islandofcode/jvtllib/model/DataSet;Lit/islandofcode/jvtllib/model/DataSet;)Lit/islandofcode/jvtllib/model/Scalar;" line="84"><counter type="INSTRUCTION" missed="16" covered="0"/><counter type="BRANCH" missed="2" covered="0"/><counter type="LINE" missed="3" covered="0"/><counter type="COMPLEXITY" missed="2" covered="0"/><counter type="METHOD" missed="1" covered="0"/></method><counter type="INSTRUCTION" missed="285" covered="0"/><counter type="BRANCH" missed="42" covered="0"/><counter type="LINE" missed="33" covered="0"/><counter type="COMPLEXITY" missed="30" covered="0"/><counter type="METHOD" missed="9" covered="0"/><counter type="CLASS" missed="1" covered="0"/></class><class name="it/islandofcode/jvtllib/newparser/NewEval$1"><method name="&lt;init&gt;" desc="(Lit/islandofcode/jvtllib/newparser/NewEval;)V" line="1"><counter type="INSTRUCTION" missed="6" covered="0"/><counter type="LINE" missed="2" covered="0"/><counter type="COMPLEXITY" missed="1" covered="0"/><counter type="METHOD" missed="1" covered="0"/></method><method name="compare" desc="(Lit/islandofcode/jvtllib/model/DataSet;Lit/islandofcode/jvtllib/model/DataSet;)I" line="2327"><counter type="INSTRUCTION" missed="18" covered="0"/><counter type="BRANCH" missed="4" covered="0"/><counter type="LINE" missed="7" covered="0"/><counter type="COMPLEXITY" missed="3" covered="0"/><counter type="METHOD" missed="1" covered="0"/></method><counter type="INSTRUCTION" missed="24" covered="0"/><counter type="BRANCH" missed="4" covered="0"/><counter type="LINE" missed="9" covered="0"/><counter type="COMPLEXITY" missed="4" covered="0"/><counter type="METHOD" missed="2" covered="0"/><counter type="CLASS" missed="1" covered="0"/></class><class name="it/islandofcode/jvtllib/newparser/NewEval"><method name="&lt;clinit&gt;" desc="()V" line="110"><counter type="INSTRUCTION" missed="5" covered="0"/><counter type="LINE" missed="1" covered="0"/><counter type="COMPLEXITY" missed="1" covered="0"/><counter type="METHOD" missed="1" covered="0"/></method><method name="&lt;init&gt;" desc="(Lit/islandofcode/jvtllib/connector/IConnector;)V" line="159"><counter type="INSTRUCTION" missed="47" covered="0"/><counter type="LINE" missed="13" covered="0"/><counter type="COMPLEXITY" missed="1" covered="0"/><counter type="METHOD" missed="1" covered="0"/></method><method name="inject" desc="(Ljava/util/Map;)V" line="185"><counter type="INSTRUCTION" missed="11" covered="0"/><counter type="BRANCH" missed="2" covered="0"/><counter type="LINE" missed="4" covered="0"/><counter type="COMPLEXITY" missed="2" covered="0"/><counter type="METHOD" missed="1" covered="0"/></method><method name="visitParse" desc="(Lit/islandofcode/jvtllib/newparser/antlr/newVTLParser$ParseContext;)Lit/islandofcode/jvtllib/model/VTLObj;" line="195"><counter type="INSTRUCTION" missed="11" covered="0"/><counter type="LINE" missed="3" covered="0"/><counter type="COMPLEXITY" missed="1" covered="0"/><counter type="METHOD" missed="1" covered="0"/></method><method name="visitAssignment" desc="(Lit/islandofcode/jvtllib/newparser/antlr/newVTLParser$AssignmentContext;)Lit/islandofcode/jvtllib/model/VTLObj;" line="203"><counter type="INSTRUCTION" missed="36" covered="0"/><counter type="LINE" missed="4" covered="0"/><counter type="COMPLEXITY" missed="1" covered="0"/><counter type="METHOD" missed="1" covered="0"/></method><method name="visitPrecedenceexpr" desc="(Lit/islandofcode/jvtllib/newparser/antlr/newVTLParser$PrecedenceexprContext;)Lit/islandofcode/jvtllib/model/VTLObj;" line="225"><counter type="INSTRUCTION" missed="6" covered="0"/><counter type="LINE" missed="1" covered="0"/><counter type="COMPLEXITY" missed="1" covered="0"/><counter type="METHOD" missed="1" covered="0"/></method><method name="visitInjection" desc="(Lit/islandofcode/jvtllib/newparser/antlr/newVTLParser$InjectionContext;)Lit/islandofcode/jvtllib/model/VTLObj;" line="231"><counter type="INSTRUCTION" missed="24" covered="0"/><counter type="BRANCH" missed="4" covered="0"/><counter type="LINE" missed="4" covered="0"/><counter type="COMPLEXITY" missed="3" covered="0"/><counter type="METHOD" missed="1" covered="0"/></method><method name="visitUnaryexpr" desc="(Lit/islandofcode/jvtllib/newparser/antlr/newVTLParser$UnaryexprContext;)Lit/islandofcode/jvtllib/model/VTLObj;" line="251"><counter type="INSTRUCTION" missed="108" covered="0"/><counter type="BRANCH" missed="18" covered="0"/><counter type="LINE" missed="18" covered="0"/><counter type="COMPLEXITY" missed="11" covered="0"/><counter type="METHOD" missed="1" covered="0"/></method><method name="visitAddMulExpr" desc="(Lit/islandofcode/jvtllib/newparser/antlr/newVTLParser$AddMulExprContext;)Lit/islandofcode/jvtllib/model/VTLObj;" line="289"><counter type="INSTRUCTION" missed="90" covered="0"/><counter type="BRANCH" missed="16" covered="0"/><counter type="LINE" missed="13" covered="0"/><counter type="COMPLEXITY" missed="9" covered="0"/><counter type="METHOD" missed="1" covered="0"/></method><method name="visitMinDivExpr" desc="(Lit/islandofcode/jvtllib/newparser/antlr/newVTLParser$MinDivExprContext;)Lit/islandofcode/jvtllib/model/VTLObj;" line="319"><counter type="INSTRUCTION" missed="67" covered="0"/><counter type="BRANCH" missed="10" covered="0"/><counter type="LINE" missed="9" covered="0"/><counter type="COMPLEXITY" missed="6" covered="0"/><counter type="METHOD" missed="1" covered="0"/></method><method name="visitLogexpr" desc="(Lit/islandofcode/jvtllib/newparser/antlr/newVTLParser$LogexprContext;)Lit/islandofcode/jvtllib/model/VTLObj;" line="528"><counter type="INSTRUCTION" missed="39" covered="0"/><counter type="BRANCH" missed="2" covered="0"/><counter type="LINE" missed="7" covered="0"/><counter type="COMPLEXITY" missed="2" covered="0"/><counter type="METHOD" missed="1" covered="0"/></method><method name="visitCeilFloorexpr" desc="(Lit/islandofcode/jvtllib/newparser/antlr/newVTLParser$CeilFloorexprContext;)Lit/islandofcode/jvtllib/model/VTLObj;" line="547"><counter type="INSTRUCTION" missed="67" covered="0"/><counter type="BRANCH" missed="6" covered="0"/><counter type="LINE" missed="12" covered="0"/><counter type="COMPLEXITY" missed="4" covered="0"/><counter type="METHOD" missed="1" covered="0"/></method><method name="visitRoundexpr" desc="(Lit/islandofcode/jvtllib/newparser/antlr/newVTLParser$RoundexprContext;)Lit/islandofcode/jvtllib/model/VTLObj;" line="571"><counter type="INSTRUCTION" missed="55" covered="0"/><counter type="BRANCH" missed="4" covered="0"/><counter type="LINE" missed="10" covered="0"/><counter type="COMPLEXITY" missed="3" covered="0"/><counter type="METHOD" missed="1" covered="0"/></method><method name="visitSingleparamMathfun" desc="(Lit/islandofcode/jvtllib/newparser/antlr/newVTLParser$SingleparamMathfunContext;)Lit/islandofcode/jvtllib/model/VTLObj;" line="594"><counter type="INSTRUCTION" missed="97" covered="0"/><counter type="BRANCH" missed="9" covered="0"/><counter type="LINE" missed="17" covered="0"/><counter type="COMPLEXITY" missed="7" covered="0"/><counter type="METHOD" missed="1" covered="0"/></method><method name="visitDoubleparamMathfun" desc="(Lit/islandofcode/jvtllib/newparser/antlr/newVTLParser$DoubleparamMathfunContext;)Lit/islandofcode/jvtllib/model/VTLObj;" line="630"><counter type="INSTRUCTION" missed="141" covered="0"/><counter type="BRANCH" missed="11" covered="0"/><counter type="LINE" missed="26" covered="0"/><counter type="COMPLEXITY" missed="8" covered="0"/><counter type="METHOD" missed="1" covered="0"/></method><method name="visitRelationalCond" desc="(Lit/islandofcode/jvtllib/newparser/antlr/newVTLParser$RelationalCondContext;)Lit/islandofcode/jvtllib/model/VTLObj;" line="693"><counter type="INSTRUCTION" missed="457" covered="0"/><counter type="BRANCH" missed="113" covered="0"/><counter type="LINE" missed="68" covered="0"/><counter type="COMPLEXITY" missed="60" covered="0"/><counter type="METHOD" missed="1" covered="0"/></method><method name="visitIsNullCondexpr" desc="(Lit/islandofcode/jvtllib/newparser/antlr/newVTLParser$IsNullCondexprContext;)Lit/islandofcode/jvtllib/model/VTLObj;" line="819"><counter type="INSTRUCTION" missed="37" covered="0"/><counter type="BRANCH" missed="6" covered="0"/><counter type="LINE" missed="8" covered="0"/><counter type="COMPLEXITY" missed="4" covered="0"/><counter type="METHOD" missed="1" covered="0"/></method><method name="visitInCondexpr" desc="(Lit/islandofcode/jvtllib/newparser/antlr/newVTLParser$InCondexprContext;)Lit/islandofcode/jvtllib/model/VTLObj;" line="840"><counter type="INSTRUCTION" missed="79" covered="0"/><counter type="BRANCH" missed="14" covered="0"/><counter type="LINE" missed="16" covered="0"/><counter type="COMPLEXITY" missed="8" covered="0"/><counter type="METHOD" missed="1" covered="0"/></method><method name="visitLogicalexpr" desc="(Lit/islandofcode/jvtllib/newparser/antlr/newVTLParser$LogicalexprContext;)Lit/islandofcode/jvtllib/model/VTLObj;" line="868"><counter type="INSTRUCTION" missed="154" covered="0"/><counter type="BRANCH" missed="57" covered="0"/><counter type="LINE" missed="37" covered="0"/><counter type="COMPLEXITY" missed="30" covered="0"/><counter type="METHOD" missed="1" covered="0"/></method><method name="visitVarname" desc="(Lit/islandofcode/jvtllib/newparser/antlr/newVTLParser$VarnameContext;)Lit/islandofcode/jvtllib/model/VTLObj;" line="961"><counter type="INSTRUCTION" missed="18" covered="0"/><counter type="LINE" missed="4" covered="0"/><counter type="COMPLEXITY" missed="1" covered="0"/><counter type="METHOD" missed="1" covered="0"/></method><method name="visitVarmember" desc="(Lit/islandofcode/jvtllib/newparser/antlr/newVTLParser$VarmemberContext;)Lit/islandofcode/jvtllib/model/VTLObj;" line="980"><counter type="INSTRUCTION" missed="103" covered="0"/><counter type="BRANCH" missed="8" covered="0"/><counter type="LINE" missed="10" covered="0"/><counter type="COMPLEXITY" missed="5" covered="0"/><counter type="METHOD" missed="1" covered="0"/></method><method name="visitLiteral" desc="(Lit/islandofcode/jvtllib/newparser/antlr/newVTLParser$LiteralContext;)Lit/islandofcode/jvtllib/model/VTLObj;" line="1004"><counter type="INSTRUCTION" missed="25" covered="0"/><counter type="LINE" missed="3" covered="0"/><counter type="COMPLEXITY" missed="1" covered="0"/><counter type="METHOD" missed="1" covered="0"/></method><method name="visitIntegerLiteral" desc="(Lit/islandofcode/jvtllib/newparser/antlr/newVTLParser$IntegerLiteralContext;)Lit/islandofcode/jvtllib/model/VTLObj;" line="1016"><counter type="INSTRUCTION" missed="26" covered="0"/><counter type="LINE" missed="3" covered="0"/><counter type="COMPLEXITY" missed="1" covered="0"/><counter type="METHOD" missed="1" covered="0"/></method><method name="visitNullLiteral" desc="(Lit/islandofcode/jvtllib/newparser/antlr/newVTLParser$NullLiteralContext;)Lit/islandofcode/jvtllib/model/VTLObj;" line="1026"><counter type="INSTRUCTION" missed="24" covered="0"/><counter type="LINE" missed="3" covered="0"/><counter type="COMPLEXITY" missed="1" covered="0"/><counter type="METHOD" missed="1" covered="0"/></method><method name="visitStringLiteral" desc="(Lit/islandofcode/jvtllib/newparser/antlr/newVTLParser$StringLiteralContext;)Lit/islandofcode/jvtllib/model/VTLObj;" line="1041"><counter type="INSTRUCTION" missed="26" covered="0"/><counter type="LINE" missed="3" covered="0"/><counter type="COMPLEXITY" missed="1" covered="0"/><counter type="METHOD" missed="1" covered="0"/></method><method name="visitStringFunSubstr" desc="(Lit/islandofcode/jvtllib/newparser/antlr/newVTLParser$StringFunSubstrContext;)Lit/islandofcode/jvtllib/model/VTLObj;" line="1054"><counter type="INSTRUCTION" missed="134" covered="0"/><counter type="BRANCH" missed="26" covered="0"/><counter type="LINE" missed="29" covered="0"/><counter type="COMPLEXITY" missed="14" covered="0"/><counter type="METHOD" missed="1" covered="0"/></method><method name="visitStringFunReplace" desc="(Lit/islandofcode/jvtllib/newparser/antlr/newVTLParser$StringFunReplaceContext;)Lit/islandofcode/jvtllib/model/VTLObj;" line="1115"><counter type="INSTRUCTION" missed="57" covered="0"/><counter type="BRANCH" missed="4" covered="0"/><counter type="LINE" missed="10" covered="0"/><counter type="COMPLEXITY" missed="3" covered="0"/><counter type="METHOD" missed="1" covered="0"/></method><method name="visitStringConcat" desc="(Lit/islandofcode/jvtllib/newparser/antlr/newVTLParser$StringConcatContext;)Lit/islandofcode/jvtllib/model/VTLObj;" line="1137"><counter type="INSTRUCTION" missed="42" covered="0"/><counter type="BRANCH" missed="4" covered="0"/><counter type="LINE" missed="5" covered="0"/><counter type="COMPLEXITY" missed="3" covered="0"/><counter type="METHOD" missed="1" covered="0"/></method><method name="visitDpruleset" desc="(Lit/islandofcode/jvtllib/newparser/antlr/newVTLParser$DprulesetContext;)Lit/islandofcode/jvtllib/model/VTLObj;" line="1154"><counter type="INSTRUCTION" missed="96" covered="0"/><counter type="BRANCH" missed="4" covered="0"/><counter type="LINE" missed="11" covered="0"/><counter type="COMPLEXITY" missed="3" covered="0"/><counter type="METHOD" missed="1" covered="0"/></method><method name="visitSingleruleConsequenceOnly" desc="(Lit/islandofcode/jvtllib/newparser/antlr/newVTLParser$SingleruleConsequenceOnlyContext;)Lit/islandofcode/jvtllib/model/VTLObj;" line="1183"><counter type="INSTRUCTION" missed="76" covered="0"/><counter type="BRANCH" missed="12" covered="0"/><counter type="LINE" missed="13" covered="0"/><counter type="COMPLEXITY" missed="7" covered="0"/><counter type="METHOD" missed="1" covered="0"/></method><method name="visitSingleruleBoth" desc="(Lit/islandofcode/jvtllib/newparser/antlr/newVTLParser$SingleruleBothContext;)Lit/islandofcode/jvtllib/model/VTLObj;" line="1208"><counter type="INSTRUCTION" missed="90" covered="0"/><counter type="BRANCH" missed="16" covered="0"/><counter type="LINE" missed="18" covered="0"/><counter type="COMPLEXITY" missed="9" covered="0"/><counter type="METHOD" missed="1" covered="0"/></method><method name="visitCheckFunBase" desc="(Lit/islandofcode/jvtllib/newparser/antlr/newVTLParser$CheckFunBaseContext;)Lit/islandofcode/jvtllib/model/VTLObj;" line="1251"><counter type="INSTRUCTION" missed="256" covered="0"/><counter type="BRANCH" missed="18" covered="0"/><counter type="LINE" missed="44" covered="0"/><counter type="COMPLEXITY" missed="10" covered="0"/><counter type="METHOD" missed="1" covered="0"/></method><method name="visitCheckFunWithOpt" desc="(Lit/islandofcode/jvtllib/newparser/antlr/newVTLParser$CheckFunWithOptContext;)Lit/islandofcode/jvtllib/model/VTLObj;" line="1348"><counter type="INSTRUCTION" missed="353" covered="0"/><counter type="BRANCH" missed="40" covered="0"/><counter type="LINE" missed="57" covered="0"/><counter type="COMPLEXITY" missed="21" covered="0"/><counter type="METHOD" missed="1" covered="0"/></method><method name="visitClausebase" desc="(Lit/islandofcode/jvtllib/newparser/antlr/newVTLParser$ClausebaseContext;)Lit/islandofcode/jvtllib/model/VTLObj;" line="1481"><counter type="INSTRUCTION" missed="109" covered="0"/><counter type="BRANCH" missed="6" covered="0"/><counter type="LINE" missed="17" covered="0"/><counter type="COMPLEXITY" missed="4" covered="0"/><counter type="METHOD" missed="1" covered="0"/></method><method name="visitClausejoin" desc="(Lit/islandofcode/jvtllib/newparser/antlr/newVTLParser$ClausejoinContext;)Lit/islandofcode/jvtllib/model/VTLObj;" line="1521"><counter type="INSTRUCTION" missed="218" covered="0"/><counter type="BRANCH" missed="10" covered="0"/><counter type="LINE" missed="30" covered="0"/><counter type="COMPLEXITY" missed="6" covered="0"/><counter type="METHOD" missed="1" covered="0"/></method><method name="visitJoinblockInner" desc="(Lit/islandofcode/jvtllib/newparser/antlr/newVTLParser$JoinblockInnerContext;)Lit/islandofcode/jvtllib/model/VTLObj;" line="1572"><counter type="INSTRUCTION" missed="421" covered="0"/><counter type="BRANCH" missed="28" covered="0"/><counter type="LINE" missed="60" covered="0"/><counter type="COMPLEXITY" missed="15" covered="0"/><counter type="METHOD" missed="1" covered="0"/></method><method name="visitJoinblockLeft" desc="(Lit/islandofcode/jvtllib/newparser/antlr/newVTLParser$JoinblockLeftContext;)Lit/islandofcode/jvtllib/model/VTLObj;" line="1675"><counter type="INSTRUCTION" missed="5" covered="0"/><counter type="LINE" missed="1" covered="0"/><counter type="COMPLEXITY" missed="1" covered="0"/><counter type="METHOD" missed="1" covered="0"/></method><method name="visitClauseKeepRename" desc="(Lit/islandofcode/jvtllib/newparser/antlr/newVTLParser$ClauseKeepRenameContext;)Lit/islandofcode/jvtllib/model/VTLObj;" line="1685"><counter type="INSTRUCTION" missed="232" covered="0"/><counter type="BRANCH" missed="18" covered="0"/><counter type="LINE" missed="30" covered="0"/><counter type="COMPLEXITY" missed="10" covered="0"/><counter type="METHOD" missed="1" covered="0"/></method><method name="visitClauseFilter" desc="(Lit/islandofcode/jvtllib/newparser/antlr/newVTLParser$ClauseFilterContext;)Lit/islandofcode/jvtllib/model/VTLObj;" line="1765"><counter type="INSTRUCTION" missed="107" covered="0"/><counter type="BRANCH" missed="14" covered="0"/><counter type="LINE" missed="20" covered="0"/><counter type="COMPLEXITY" missed="8" covered="0"/><counter type="METHOD" missed="1" covered="0"/></method><method name="visitClausebodyparam" desc="(Lit/islandofcode/jvtllib/newparser/antlr/newVTLParser$ClausebodyparamContext;)Lit/islandofcode/jvtllib/model/VTLObj;" line="1838"><counter type="INSTRUCTION" missed="196" covered="0"/><counter type="BRANCH" missed="26" covered="0"/><counter type="LINE" missed="32" covered="0"/><counter type="COMPLEXITY" missed="14" covered="0"/><counter type="METHOD" missed="1" covered="0"/></method><method name="visitClausecalc" desc="(Lit/islandofcode/jvtllib/newparser/antlr/newVTLParser$ClausecalcContext;)Lit/islandofcode/jvtllib/model/VTLObj;" line="1916"><counter type="INSTRUCTION" missed="277" covered="0"/><counter type="BRANCH" missed="18" covered="0"/><counter type="LINE" missed="41" covered="0"/><counter type="COMPLEXITY" missed="10" covered="0"/><counter type="METHOD" missed="1" covered="0"/></method><method name="visitClausebodycalc" desc="(Lit/islandofcode/jvtllib/newparser/antlr/newVTLParser$ClausebodycalcContext;)Lit/islandofcode/jvtllib/model/VTLObj;" line="2019"><counter type="INSTRUCTION" missed="240" covered="0"/><counter type="BRANCH" missed="30" covered="0"/><counter type="LINE" missed="56" covered="0"/><counter type="COMPLEXITY" missed="16" covered="0"/><counter type="METHOD" missed="1" covered="0"/></method><method name="visitClausedrop" desc="(Lit/islandofcode/jvtllib/newparser/antlr/newVTLParser$ClausedropContext;)Lit/islandofcode/jvtllib/model/VTLObj;" line="2134"><counter type="INSTRUCTION" missed="120" covered="0"/><counter type="BRANCH" missed="14" covered="0"/><counter type="LINE" missed="23" covered="0"/><counter type="COMPLEXITY" missed="8" covered="0"/><counter type="METHOD" missed="1" covered="0"/></method><method name="visitSetUnion" desc="(Lit/islandofcode/jvtllib/newparser/antlr/newVTLParser$SetUnionContext;)Lit/islandofcode/jvtllib/model/VTLObj;" line="2178"><counter type="INSTRUCTION" missed="224" covered="0"/><counter type="BRANCH" missed="24" covered="0"/><counter type="LINE" missed="35" covered="0"/><counter type="COMPLEXITY" missed="13" covered="0"/><counter type="METHOD" missed="1" covered="0"/></method><method name="visitSetIntersect" desc="(Lit/islandofcode/jvtllib/newparser/antlr/newVTLParser$SetIntersectContext;)Lit/islandofcode/jvtllib/model/VTLObj;" line="2290"><counter type="INSTRUCTION" missed="253" covered="0"/><counter type="BRANCH" missed="26" covered="0"/><counter type="LINE" missed="44" covered="0"/><counter type="COMPLEXITY" missed="14" covered="0"/><counter type="METHOD" missed="1" covered="0"/></method><method name="visitSetSetSymDiff" desc="(Lit/islandofcode/jvtllib/newparser/antlr/newVTLParser$SetSetSymDiffContext;)Lit/islandofcode/jvtllib/model/VTLObj;" line="2409"><counter type="INSTRUCTION" missed="194" covered="0"/><counter type="BRANCH" missed="26" covered="0"/><counter type="LINE" missed="32" covered="0"/><counter type="COMPLEXITY" missed="14" covered="0"/><counter type="METHOD" missed="1" covered="0"/></method><method name="visitNvlCondOp" desc="(Lit/islandofcode/jvtllib/newparser/antlr/newVTLParser$NvlCondOpContext;)Lit/islandofcode/jvtllib/model/VTLObj;" line="2468"><counter type="INSTRUCTION" missed="128" covered="0"/><counter type="BRANCH" missed="16" covered="0"/><counter type="LINE" missed="23" covered="0"/><counter type="COMPLEXITY" missed="9" covered="0"/><counter type="METHOD" missed="1" covered="0"/></method><method name="visitIfThenElseCondOp" desc="(Lit/islandofcode/jvtllib/newparser/antlr/newVTLParser$IfThenElseCondOpContext;)Lit/islandofcode/jvtllib/model/VTLObj;" line="2537"><counter type="INSTRUCTION" missed="56" covered="0"/><counter type="BRANCH" missed="8" covered="0"/><counter type="LINE" missed="9" covered="0"/><counter type="COMPLEXITY" missed="5" covered="0"/><counter type="METHOD" missed="1" covered="0"/></method><method name="visitAggregationFun" desc="(Lit/islandofcode/jvtllib/newparser/antlr/newVTLParser$AggregationFunContext;)Lit/islandofcode/jvtllib/model/VTLObj;" line="2573"><counter type="INSTRUCTION" missed="204" covered="0"/><counter type="BRANCH" missed="20" covered="0"/><counter type="LINE" missed="36" covered="0"/><counter type="COMPLEXITY" missed="11" covered="0"/><counter type="METHOD" missed="1" covered="0"/></method><method name="visitNamedProcDef" desc="(Lit/islandofcode/jvtllib/newparser/antlr/newVTLParser$NamedProcDefContext;)Lit/islandofcode/jvtllib/model/VTLObj;" line="2640"><counter type="INSTRUCTION" missed="59" covered="0"/><counter type="LINE" missed="9" covered="0"/><counter type="COMPLEXITY" missed="1" covered="0"/><counter type="METHOD" missed="1" covered="0"/></method><method name="visitProcVarInList" desc="(Lit/islandofcode/jvtllib/newparser/antlr/newVTLParser$ProcVarInListContext;)Lit/islandofcode/jvtllib/model/VTLObj;" line="2663"><counter type="INSTRUCTION" missed="31" covered="0"/><counter type="BRANCH" missed="2" covered="0"/><counter type="LINE" missed="8" covered="0"/><counter type="COMPLEXITY" missed="2" covered="0"/><counter type="METHOD" missed="1" covered="0"/></method><method name="visitCallProc" desc="(Lit/islandofcode/jvtllib/newparser/antlr/newVTLParser$CallProcContext;)Lit/islandofcode/jvtllib/model/VTLObj;" line="2678"><counter type="INSTRUCTION" missed="213" covered="0"/><counter type="BRANCH" missed="12" covered="0"/><counter type="LINE" missed="26" covered="0"/><counter type="COMPLEXITY" missed="7" covered="0"/><counter type="METHOD" missed="1" covered="0"/></method><method name="visitNamedFunDef" desc="(Lit/islandofcode/jvtllib/newparser/antlr/newVTLParser$NamedFunDefContext;)Lit/islandofcode/jvtllib/model/VTLObj;" line="2736"><counter type="INSTRUCTION" missed="44" covered="0"/><counter type="BRANCH" missed="2" covered="0"/><counter type="LINE" missed="7" covered="0"/><counter type="COMPLEXITY" missed="2" covered="0"/><counter type="METHOD" missed="1" covered="0"/></method><method name="visitCallFun" desc="(Lit/islandofcode/jvtllib/newparser/antlr/newVTLParser$CallFunContext;)Lit/islandofcode/jvtllib/model/VTLObj;" line="2755"><counter type="INSTRUCTION" missed="189" covered="0"/><counter type="BRANCH" missed="20" covered="0"/><counter type="LINE" missed="24" covered="0"/><counter type="COMPLEXITY" missed="11" covered="0"/><counter type="METHOD" missed="1" covered="0"/></method><method name="visitGetFunction" desc="(Lit/islandofcode/jvtllib/newparser/antlr/newVTLParser$GetFunctionContext;)Lit/islandofcode/jvtllib/model/VTLObj;" line="2806"><counter type="INSTRUCTION" missed="68" covered="0"/><counter type="BRANCH" missed="8" covered="0"/><counter type="LINE" missed="12" covered="0"/><counter type="COMPLEXITY" missed="5" covered="0"/><counter type="METHOD" missed="1" covered="0"/></method><method name="visitPutData" desc="(Lit/islandofcode/jvtllib/newparser/antlr/newVTLParser$PutDataContext;)Lit/islandofcode/jvtllib/model/VTLObj;" line="2833"><counter type="INSTRUCTION" missed="49" covered="0"/><counter type="BRANCH" missed="4" covered="0"/><counter type="LINE" missed="9" covered="0"/><counter type="COMPLEXITY" missed="3" covered="0"/><counter type="METHOD" missed="1" covered="0"/></method><method name="visitDBGprintvar" desc="(Lit/islandofcode/jvtllib/newparser/antlr/newVTLParser$DBGprintvarContext;)Lit/islandofcode/jvtllib/model/VTLObj;" line="2857"><counter type="INSTRUCTION" missed="131" covered="0"/><counter type="BRANCH" missed="11" covered="0"/><counter type="LINE" missed="24" covered="0"/><counter type="COMPLEXITY" missed="9" covered="0"/><counter type="METHOD" missed="1" covered="0"/></method><method name="visitDBGnop" desc="(Lit/islandofcode/jvtllib/newparser/antlr/newVTLParser$DBGnopContext;)Lit/islandofcode/jvtllib/model/VTLObj;" line="2905"><counter type="INSTRUCTION" missed="8" covered="0"/><counter type="LINE" missed="2" covered="0"/><counter type="COMPLEXITY" missed="1" covered="0"/><counter type="METHOD" missed="1" covered="0"/></method><method name="getFromMemory" desc="(Ljava/lang/String;)Lit/islandofcode/jvtllib/model/VTLObj;" line="2924"><counter type="INSTRUCTION" missed="44" covered="0"/><counter type="BRANCH" missed="10" covered="0"/><counter type="LINE" missed="9" covered="0"/><counter type="COMPLEXITY" missed="6" covered="0"/><counter type="METHOD" missed="1" covered="0"/></method><counter type="INSTRUCTION" missed="6677" covered="0"/><counter type="BRANCH" missed="757" covered="0"/><counter type="LINE" missed="1103" covered="0"/><counter type="COMPLEXITY" missed="447" covered="0"/><counter type="METHOD" missed="59" covered="0"/><counter type="CLASS" missed="1" covered="0"/></class><sourcefile name="NewEval.java"><line nr="1" mi="3" ci="0" mb="0" cb="0"/><line nr="110" mi="5" ci="0" mb="0" cb="0"/><line nr="159" mi="2" ci="0" mb="0" cb="0"/><line nr="161" mi="3" ci="0" mb="0" cb="0"/><line nr="162" mi="5" ci="0" mb="0" cb="0"/><line nr="163" mi="5" ci="0" mb="0" cb="0"/><line nr="164" mi="5" ci="0" mb="0" cb="0"/><line nr="165" mi="5" ci="0" mb="0" cb="0"/><line nr="167" mi="5" ci="0" mb="0" cb="0"/><line nr="173" mi="4" ci="0" mb="0" cb="0"/><line nr="174" mi="3" ci="0" mb="0" cb="0"/><line nr="175" mi="3" ci="0" mb="0" cb="0"/><line nr="176" mi="3" ci="0" mb="0" cb="0"/><line nr="179" mi="3" ci="0" mb="0" cb="0"/><line nr="181" mi="1" ci="0" mb="0" cb="0"/><line nr="185" mi="3" ci="0" mb="0" cb="0"/><line nr="187" mi="2" ci="0" mb="2" cb="0"/><line nr="188" mi="5" ci="0" mb="0" cb="0"/><line nr="189" mi="1" ci="0" mb="0" cb="0"/><line nr="195" mi="3" ci="0" mb="0" cb="0"/><line nr="197" mi="3" ci="0" mb="0" cb="0"/><line nr="198" mi="5" ci="0" mb="0" cb="0"/><line nr="203" mi="4" ci="0" mb="0" cb="0"/><line nr="204" mi="6" ci="0" mb="0" cb="0"/><line nr="206" mi="15" ci="0" mb="0" cb="0"/><line nr="208" mi="11" ci="0" mb="0" cb="0"/><line nr="225" mi="6" ci="0" mb="0" cb="0"/><line nr="231" mi="4" ci="0" mb="0" cb="0"/><line nr="236" mi="9" ci="0" mb="4" cb="0"/><line nr="237" mi="6" ci="0" mb="0" cb="0"/><line nr="241" mi="5" ci="0" mb="0" cb="0"/><line nr="251" mi="6" ci="0" mb="0" cb="0"/><line nr="253" mi="3" ci="0" mb="2" cb="0"/><line nr="254" mi="5" ci="0" mb="0" cb="0"/><line nr="255" mi="10" ci="0" mb="4" cb="0"/><line nr="256" mi="5" ci="0" mb="0" cb="0"/><line nr="258" mi="4" ci="0" mb="4" cb="0"/><line nr="260" mi="6" ci="0" mb="2" cb="0"/><line nr="261" mi="5" ci="0" mb="0" cb="0"/><line nr="262" mi="4" ci="0" mb="2" cb="0"/><line nr="263" mi="3" ci="0" mb="0" cb="0"/><line nr="265" mi="3" ci="0" mb="0" cb="0"/><line nr="269" mi="6" ci="0" mb="2" cb="0"/><line nr="270" mi="5" ci="0" mb="0" cb="0"/><line nr="271" mi="2" ci="0" mb="0" cb="0"/><line nr="274" mi="6" ci="0" mb="2" cb="0"/><line nr="275" mi="5" ci="0" mb="0" cb="0"/><line nr="277" mi="17" ci="0" mb="0" cb="0"/><line nr="280" mi="13" ci="0" mb="0" cb="0"/><line nr="289" mi="7" ci="0" mb="0" cb="0"/><line nr="290" mi="7" ci="0" mb="0" cb="0"/><line nr="292" mi="4" ci="0" mb="4" cb="0"/><line nr="293" mi="17" ci="0" mb="0" cb="0"/><line nr="296" mi="10" ci="0" mb="4" cb="0"/><line nr="297" mi="5" ci="0" mb="2" cb="0"/><line nr="298" mi="6" ci="0" mb="0" cb="0"/><line nr="300" mi="6" ci="0" mb="0" cb="0"/><line nr="305" mi="10" ci="0" mb="4" cb="0"/><line nr="306" mi="5" ci="0" mb="2" cb="0"/><line nr="307" mi="6" ci="0" mb="0" cb="0"/><line nr="310" mi="2" ci="0" mb="0" cb="0"/><line nr="314" mi="5" ci="0" mb="0" cb="0"/><line nr="319" mi="7" ci="0" mb="0" cb="0"/><line nr="320" mi="7" ci="0" mb="0" cb="0"/><line nr="322" mi="4" ci="0" mb="4" cb="0"/><line nr="323" mi="17" ci="0" mb="0" cb="0"/><line nr="326" mi="10" ci="0" mb="4" cb="0"/><line nr="327" mi="5" ci="0" mb="2" cb="0"/><line nr="328" mi="6" ci="0" mb="0" cb="0"/><line nr="330" mi="6" ci="0" mb="0" cb="0"/><line nr="336" mi="5" ci="0" mb="0" cb="0"/><line nr="528" mi="7" ci="0" mb="0" cb="0"/><line nr="530" mi="6" ci="0" mb="0" cb="0"/><line nr="532" mi="3" ci="0" mb="2" cb="0"/><line nr="533" mi="5" ci="0" mb="0" cb="0"/><line nr="536" mi="4" ci="0" mb="0" cb="0"/><line nr="537" mi="12" ci="0" mb="0" cb="0"/><line nr="538" mi="2" ci="0" mb="0" cb="0"/><line nr="547" mi="6" ci="0" mb="0" cb="0"/><line nr="548" mi="3" ci="0" mb="2" cb="0"/><line nr="549" mi="5" ci="0" mb="0" cb="0"/><line nr="551" mi="5" ci="0" mb="2" cb="0"/><line nr="552" mi="4" ci="0" mb="0" cb="0"/><line nr="553" mi="8" ci="0" mb="0" cb="0"/><line nr="554" mi="2" ci="0" mb="0" cb="0"/><line nr="556" mi="5" ci="0" mb="2" cb="0"/><line nr="557" mi="4" ci="0" mb="0" cb="0"/><line nr="558" mi="8" ci="0" mb="0" cb="0"/><line nr="559" mi="2" ci="0" mb="0" cb="0"/><line nr="562" mi="15" ci="0" mb="0" cb="0"/><line nr="571" mi="6" ci="0" mb="0" cb="0"/><line nr="572" mi="3" ci="0" mb="0" cb="0"/><line nr="574" mi="6" ci="0" mb="0" cb="0"/><line nr="576" mi="3" ci="0" mb="2" cb="0"/><line nr="577" mi="5" ci="0" mb="0" cb="0"/><line nr="579" mi="2" ci="0" mb="2" cb="0"/><line nr="580" mi="5" ci="0" mb="0" cb="0"/><line nr="582" mi="4" ci="0" mb="0" cb="0"/><line nr="583" mi="19" ci="0" mb="0" cb="0"/><line nr="584" mi="2" ci="0" mb="0" cb="0"/><line nr="594" mi="6" ci="0" mb="0" cb="0"/><line nr="595" mi="3" ci="0" mb="2" cb="0"/><line nr="596" mi="5" ci="0" mb="0" cb="0"/><line nr="598" mi="4" ci="0" mb="5" cb="0"/><line nr="600" mi="4" ci="0" mb="0" cb="0"/><line nr="601" mi="16" ci="0" mb="2" cb="0"/><line nr="602" mi="2" ci="0" mb="0" cb="0"/><line nr="606" mi="4" ci="0" mb="0" cb="0"/><line nr="607" mi="8" ci="0" mb="0" cb="0"/><line nr="608" mi="2" ci="0" mb="0" cb="0"/><line nr="612" mi="4" ci="0" mb="0" cb="0"/><line nr="613" mi="8" ci="0" mb="0" cb="0"/><line nr="614" mi="2" ci="0" mb="0" cb="0"/><line nr="618" mi="4" ci="0" mb="0" cb="0"/><line nr="619" mi="8" ci="0" mb="0" cb="0"/><line nr="620" mi="2" ci="0" mb="0" cb="0"/><line nr="624" mi="15" ci="0" mb="0" cb="0"/><line nr="630" mi="7" ci="0" mb="0" cb="0"/><line nr="632" mi="6" ci="0" mb="0" cb="0"/><line nr="634" mi="3" ci="0" mb="2" cb="0"/><line nr="635" mi="5" ci="0" mb="0" cb="0"/><line nr="637" mi="2" ci="0" mb="2" cb="0"/><line nr="638" mi="5" ci="0" mb="0" cb="0"/><line nr="640" mi="4" ci="0" mb="5" cb="0"/><line nr="643" mi="10" ci="0" mb="0" cb="0"/><line nr="646" mi="4" ci="0" mb="2" cb="0"/><line nr="647" mi="2" ci="0" mb="0" cb="0"/><line nr="649" mi="5" ci="0" mb="0" cb="0"/><line nr="651" mi="4" ci="0" mb="0" cb="0"/><line nr="652" mi="17" ci="0" mb="0" cb="0"/><line nr="653" mi="2" ci="0" mb="0" cb="0"/><line nr="657" mi="4" ci="0" mb="0" cb="0"/><line nr="658" mi="10" ci="0" mb="0" cb="0"/><line nr="659" mi="2" ci="0" mb="0" cb="0"/><line nr="663" mi="4" ci="0" mb="0" cb="0"/><line nr="664" mi="6" ci="0" mb="0" cb="0"/><line nr="665" mi="2" ci="0" mb="0" cb="0"/><line nr="666" mi="4" ci="0" mb="0" cb="0"/><line nr="668" mi="2" ci="0" mb="0" cb="0"/><line nr="672" mi="4" ci="0" mb="0" cb="0"/><line nr="673" mi="10" ci="0" mb="0" cb="0"/><line nr="674" mi="2" ci="0" mb="0" cb="0"/><line nr="678" mi="15" ci="0" mb="0" cb="0"/><line nr="693" mi="3" ci="0" mb="0" cb="0"/><line nr="695" mi="7" ci="0" mb="0" cb="0"/><line nr="696" mi="7" ci="0" mb="0" cb="0"/><line nr="698" mi="2" ci="0" mb="0" cb="0"/><line nr="699" mi="2" ci="0" mb="0" cb="0"/><line nr="701" mi="4" ci="0" mb="4" cb="0"/><line nr="702" mi="17" ci="0" mb="0" cb="0"/><line nr="704" mi="10" ci="0" mb="4" cb="0"/><line nr="705" mi="3" ci="0" mb="0" cb="0"/><line nr="706" mi="3" ci="0" mb="0" cb="0"/><line nr="709" mi="5" ci="0" mb="2" cb="0"/><line nr="710" mi="6" ci="0" mb="0" cb="0"/><line nr="712" mi="12" ci="0" mb="6" cb="0"/><line nr="713" mi="5" ci="0" mb="0" cb="0"/><line nr="716" mi="6" ci="0" mb="2" cb="0"/><line nr="717" mi="5" ci="0" mb="2" cb="0"/><line nr="718" mi="2" ci="0" mb="0" cb="0"/><line nr="720" mi="2" ci="0" mb="0" cb="0"/><line nr="721" mi="6" ci="0" mb="4" cb="0"/><line nr="722" mi="5" ci="0" mb="2" cb="0"/><line nr="723" mi="2" ci="0" mb="0" cb="0"/><line nr="725" mi="2" ci="0" mb="0" cb="0"/><line nr="729" mi="4" ci="0" mb="7" cb="0"/><line nr="731" mi="5" ci="0" mb="2" cb="0"/><line nr="732" mi="9" ci="0" mb="2" cb="0"/><line nr="733" mi="5" ci="0" mb="2" cb="0"/><line nr="737" mi="12" ci="0" mb="2" cb="0"/><line nr="738" mi="3" ci="0" mb="2" cb="0"/><line nr="739" mi="10" ci="0" mb="2" cb="0"/><line nr="741" mi="10" ci="0" mb="2" cb="0"/><line nr="745" mi="5" ci="0" mb="2" cb="0"/><line nr="746" mi="9" ci="0" mb="2" cb="0"/><line nr="747" mi="5" ci="0" mb="2" cb="0"/><line nr="751" mi="12" ci="0" mb="2" cb="0"/><line nr="752" mi="3" ci="0" mb="2" cb="0"/><line nr="753" mi="10" ci="0" mb="2" cb="0"/><line nr="755" mi="10" ci="0" mb="2" cb="0"/><line nr="759" mi="5" ci="0" mb="2" cb="0"/><line nr="760" mi="5" ci="0" mb="0" cb="0"/><line nr="761" mi="5" ci="0" mb="2" cb="0"/><line nr="762" mi="12" ci="0" mb="2" cb="0"/><line nr="763" mi="3" ci="0" mb="2" cb="0"/><line nr="764" mi="10" ci="0" mb="2" cb="0"/><line nr="766" mi="10" ci="0" mb="2" cb="0"/><line nr="770" mi="5" ci="0" mb="2" cb="0"/><line nr="771" mi="5" ci="0" mb="0" cb="0"/><line nr="772" mi="5" ci="0" mb="2" cb="0"/><line nr="773" mi="12" ci="0" mb="2" cb="0"/><line nr="774" mi="3" ci="0" mb="2" cb="0"/><line nr="775" mi="10" ci="0" mb="2" cb="0"/><line nr="777" mi="10" ci="0" mb="2" cb="0"/><line nr="781" mi="5" ci="0" mb="2" cb="0"/><line nr="782" mi="5" ci="0" mb="0" cb="0"/><line nr="783" mi="5" ci="0" mb="2" cb="0"/><line nr="784" mi="9" ci="0" mb="2" cb="0"/><line nr="785" mi="11" ci="0" mb="2" cb="0"/><line nr="786" mi="3" ci="0" mb="2" cb="0"/><line nr="787" mi="10" ci="0" mb="2" cb="0"/><line nr="789" mi="10" ci="0" mb="2" cb="0"/><line nr="793" mi="5" ci="0" mb="2" cb="0"/><line nr="794" mi="5" ci="0" mb="0" cb="0"/><line nr="795" mi="5" ci="0" mb="2" cb="0"/><line nr="796" mi="9" ci="0" mb="2" cb="0"/><line nr="797" mi="11" ci="0" mb="2" cb="0"/><line nr="798" mi="3" ci="0" mb="2" cb="0"/><line nr="799" mi="10" ci="0" mb="2" cb="0"/><line nr="801" mi="10" ci="0" mb="2" cb="0"/><line nr="806" mi="13" ci="0" mb="0" cb="0"/><line nr="819" mi="3" ci="0" mb="0" cb="0"/><line nr="820" mi="6" ci="0" mb="0" cb="0"/><line nr="821" mi="8" ci="0" mb="2" cb="0"/><line nr="822" mi="3" ci="0" mb="2" cb="0"/><line nr="824" mi="4" ci="0" mb="2" cb="0"/><line nr="825" mi="5" ci="0" mb="0" cb="0"/><line nr="827" mi="3" ci="0" mb="0" cb="0"/><line nr="830" mi="5" ci="0" mb="0" cb="0"/><line nr="840" mi="3" ci="0" mb="0" cb="0"/><line nr="841" mi="6" ci="0" mb="0" cb="0"/><line nr="842" mi="3" ci="0" mb="0" cb="0"/><line nr="843" mi="7" ci="0" mb="2" cb="0"/><line nr="846" mi="3" ci="0" mb="2" cb="0"/><line nr="847" mi="3" ci="0" mb="0" cb="0"/><line nr="848" mi="11" ci="0" mb="2" cb="0"/><line nr="849" mi="6" ci="0" mb="0" cb="0"/><line nr="850" mi="6" ci="0" mb="4" cb="0"/><line nr="851" mi="6" ci="0" mb="2" cb="0"/><line nr="852" mi="5" ci="0" mb="0" cb="0"/><line nr="853" mi="6" ci="0" mb="2" cb="0"/><line nr="854" mi="5" ci="0" mb="0" cb="0"/><line nr="857" mi="1" ci="0" mb="0" cb="0"/><line nr="858" mi="5" ci="0" mb="0" cb="0"/><line nr="859" mi="3" ci="0" mb="0" cb="0"/><line nr="868" mi="3" ci="0" mb="0" cb="0"/><line nr="887" mi="3" ci="0" mb="2" cb="0"/><line nr="888" mi="5" ci="0" mb="0" cb="0"/><line nr="892" mi="6" ci="0" mb="0" cb="0"/><line nr="893" mi="6" ci="0" mb="0" cb="0"/><line nr="895" mi="4" ci="0" mb="4" cb="0"/><line nr="896" mi="5" ci="0" mb="0" cb="0"/><line nr="898" mi="6" ci="0" mb="4" cb="0"/><line nr="899" mi="5" ci="0" mb="0" cb="0"/><line nr="901" mi="4" ci="0" mb="3" cb="0"/><line nr="903" mi="6" ci="0" mb="4" cb="0"/><line nr="904" mi="6" ci="0" mb="4" cb="0"/><line nr="905" mi="2" ci="0" mb="0" cb="0"/><line nr="906" mi="6" ci="0" mb="4" cb="0"/><line nr="907" mi="2" ci="0" mb="0" cb="0"/><line nr="908" mi="3" ci="0" mb="2" cb="0"/><line nr="909" mi="5" ci="0" mb="0" cb="0"/><line nr="913" mi="6" ci="0" mb="4" cb="0"/><line nr="914" mi="2" ci="0" mb="0" cb="0"/><line nr="917" mi="3" ci="0" mb="2" cb="0"/><line nr="918" mi="3" ci="0" mb="2" cb="0"/><line nr="919" mi="2" ci="0" mb="0" cb="0"/><line nr="921" mi="5" ci="0" mb="0" cb="0"/><line nr="926" mi="6" ci="0" mb="4" cb="0"/><line nr="927" mi="2" ci="0" mb="0" cb="0"/><line nr="929" mi="6" ci="0" mb="4" cb="0"/><line nr="930" mi="6" ci="0" mb="4" cb="0"/><line nr="931" mi="2" ci="0" mb="0" cb="0"/><line nr="932" mi="6" ci="0" mb="4" cb="0"/><line nr="933" mi="2" ci="0" mb="0" cb="0"/><line nr="934" mi="3" ci="0" mb="2" cb="0"/><line nr="935" mi="5" ci="0" mb="0" cb="0"/><line nr="938" mi="3" ci="0" mb="2" cb="0"/><line nr="939" mi="3" ci="0" mb="2" cb="0"/><line nr="940" mi="2" ci="0" mb="0" cb="0"/><line nr="942" mi="5" ci="0" mb="0" cb="0"/><line nr="947" mi="5" ci="0" mb="0" cb="0"/><line nr="961" mi="10" ci="0" mb="0" cb="0"/><line nr="963" mi="5" ci="0" mb="0" cb="0"/><line nr="964" mi="1" ci="0" mb="0" cb="0"/><line nr="965" mi="2" ci="0" mb="0" cb="0"/><line nr="980" mi="11" ci="0" mb="0" cb="0"/><line nr="982" mi="18" ci="0" mb="2" cb="0"/><line nr="983" mi="19" ci="0" mb="0" cb="0"/><line nr="985" mi="7" ci="0" mb="2" cb="0"/><line nr="986" mi="5" ci="0" mb="0" cb="0"/><line nr="989" mi="11" ci="0" mb="2" cb="0"/><line nr="990" mi="5" ci="0" mb="0" cb="0"/><line nr="993" mi="12" ci="0" mb="2" cb="0"/><line nr="994" mi="5" ci="0" mb="0" cb="0"/><line nr="997" mi="10" ci="0" mb="0" cb="0"/><line nr="1004" mi="6" ci="0" mb="0" cb="0"/><line nr="1006" mi="17" ci="0" mb="0" cb="0"/><line nr="1008" mi="2" ci="0" mb="0" cb="0"/><line nr="1016" mi="7" ci="0" mb="0" cb="0"/><line nr="1018" mi="17" ci="0" mb="0" cb="0"/><line nr="1020" mi="2" ci="0" mb="0" cb="0"/><line nr="1026" mi="5" ci="0" mb="0" cb="0"/><line nr="1028" mi="17" ci="0" mb="0" cb="0"/><line nr="1030" mi="2" ci="0" mb="0" cb="0"/><line nr="1041" mi="7" ci="0" mb="0" cb="0"/><line nr="1043" mi="17" ci="0" mb="0" cb="0"/><line nr="1045" mi="2" ci="0" mb="0" cb="0"/><line nr="1054" mi="6" ci="0" mb="0" cb="0"/><line nr="1055" mi="2" ci="0" mb="0" cb="0"/><line nr="1057" mi="3" ci="0" mb="2" cb="0"/><line nr="1058" mi="5" ci="0" mb="0" cb="0"/><line nr="1060" mi="6" ci="0" mb="2" cb="0"/><line nr="1061" mi="4" ci="0" mb="0" cb="0"/><line nr="1063" mi="5" ci="0" mb="0" cb="0"/><line nr="1065" mi="2" ci="0" mb="0" cb="0"/><line nr="1066" mi="2" ci="0" mb="0" cb="0"/><line nr="1069" mi="4" ci="0" mb="2" cb="0"/><line nr="1070" mi="8" ci="0" mb="0" cb="0"/><line nr="1071" mi="7" ci="0" mb="4" cb="0"/><line nr="1072" mi="5" ci="0" mb="0" cb="0"/><line nr="1074" mi="5" ci="0" mb="0" cb="0"/><line nr="1078" mi="5" ci="0" mb="2" cb="0"/><line nr="1079" mi="8" ci="0" mb="0" cb="0"/><line nr="1080" mi="7" ci="0" mb="4" cb="0"/><line nr="1081" mi="5" ci="0" mb="0" cb="0"/><line nr="1082" mi="7" ci="0" mb="2" cb="0"/><line nr="1083" mi="2" ci="0" mb="0" cb="0"/><line nr="1090" mi="11" ci="0" mb="6" cb="0"/><line nr="1091" mi="2" ci="0" mb="0" cb="0"/><line nr="1093" mi="2" ci="0" mb="2" cb="0"/><line nr="1095" mi="4" ci="0" mb="0" cb="0"/><line nr="1096" mi="4" ci="0" mb="0" cb="0"/><line nr="1097" mi="1" ci="0" mb="0" cb="0"/><line nr="1101" mi="4" ci="0" mb="0" cb="0"/><line nr="1102" mi="7" ci="0" mb="0" cb="0"/><line nr="1103" mi="1" ci="0" mb="0" cb="0"/><line nr="1115" mi="6" ci="0" mb="0" cb="0"/><line nr="1116" mi="2" ci="0" mb="0" cb="0"/><line nr="1118" mi="3" ci="0" mb="2" cb="0"/><line nr="1119" mi="5" ci="0" mb="0" cb="0"/><line nr="1121" mi="6" ci="0" mb="2" cb="0"/><line nr="1122" mi="4" ci="0" mb="0" cb="0"/><line nr="1124" mi="5" ci="0" mb="0" cb="0"/><line nr="1126" mi="8" ci="0" mb="0" cb="0"/><line nr="1127" mi="8" ci="0" mb="0" cb="0"/><line nr="1129" mi="10" ci="0" mb="0" cb="0"/><line nr="1137" mi="6" ci="0" mb="0" cb="0"/><line nr="1138" mi="6" ci="0" mb="0" cb="0"/><line nr="1140" mi="10" ci="0" mb="4" cb="0"/><line nr="1141" mi="15" ci="0" mb="0" cb="0"/><line nr="1143" mi="5" ci="0" mb="0" cb="0"/><line nr="1154" mi="14" ci="0" mb="0" cb="0"/><line nr="1156" mi="4" ci="0" mb="0" cb="0"/><line nr="1157" mi="9" ci="0" mb="2" cb="0"/><line nr="1158" mi="14" ci="0" mb="0" cb="0"/><line nr="1159" mi="7" ci="0" mb="0" cb="0"/><line nr="1162" mi="9" ci="0" mb="0" cb="0"/><line nr="1164" mi="9" ci="0" mb="2" cb="0"/><line nr="1165" mi="5" ci="0" mb="0" cb="0"/><line nr="1166" mi="14" ci="0" mb="0" cb="0"/><line nr="1169" mi="9" ci="0" mb="0" cb="0"/><line nr="1173" mi="2" ci="0" mb="0" cb="0"/><line nr="1183" mi="13" ci="0" mb="0" cb="0"/><line nr="1184" mi="2" ci="0" mb="0" cb="0"/><line nr="1185" mi="7" ci="0" mb="4" cb="0"/><line nr="1186" mi="5" ci="0" mb="0" cb="0"/><line nr="1190" mi="6" ci="0" mb="2" cb="0"/><line nr="1191" mi="5" ci="0" mb="0" cb="0"/><line nr="1194" mi="6" ci="0" mb="0" cb="0"/><line nr="1196" mi="3" ci="0" mb="2" cb="0"/><line nr="1197" mi="10" ci="0" mb="4" cb="0"/><line nr="1198" mi="10" ci="0" mb="0" cb="0"/><line nr="1199" mi="2" ci="0" mb="0" cb="0"/><line nr="1201" mi="2" ci="0" mb="0" cb="0"/><line nr="1203" mi="5" ci="0" mb="0" cb="0"/><line nr="1208" mi="13" ci="0" mb="0" cb="0"/><line nr="1209" mi="2" ci="0" mb="0" cb="0"/><line nr="1210" mi="7" ci="0" mb="4" cb="0"/><line nr="1211" mi="5" ci="0" mb="0" cb="0"/><line nr="1213" mi="7" ci="0" mb="0" cb="0"/><line nr="1214" mi="7" ci="0" mb="0" cb="0"/><line nr="1216" mi="6" ci="0" mb="4" cb="0"/><line nr="1217" mi="3" ci="0" mb="0" cb="0"/><line nr="1218" mi="3" ci="0" mb="0" cb="0"/><line nr="1220" mi="5" ci="0" mb="2" cb="0"/><line nr="1221" mi="3" ci="0" mb="2" cb="0"/><line nr="1223" mi="2" ci="0" mb="0" cb="0"/><line nr="1225" mi="5" ci="0" mb="2" cb="0"/><line nr="1226" mi="3" ci="0" mb="2" cb="0"/><line nr="1227" mi="10" ci="0" mb="0" cb="0"/><line nr="1228" mi="2" ci="0" mb="0" cb="0"/><line nr="1230" mi="2" ci="0" mb="0" cb="0"/><line nr="1238" mi="5" ci="0" mb="0" cb="0"/><line nr="1251" mi="13" ci="0" mb="0" cb="0"/><line nr="1254" mi="4" ci="0" mb="0" cb="0"/><line nr="1256" mi="9" ci="0" mb="2" cb="0"/><line nr="1257" mi="15" ci="0" mb="0" cb="0"/><line nr="1260" mi="10" ci="0" mb="0" cb="0"/><line nr="1261" mi="5" ci="0" mb="0" cb="0"/><line nr="1266" mi="3" ci="0" mb="0" cb="0"/><line nr="1268" mi="3" ci="0" mb="0" cb="0"/><line nr="1269" mi="9" ci="0" mb="0" cb="0"/><line nr="1270" mi="9" ci="0" mb="0" cb="0"/><line nr="1271" mi="9" ci="0" mb="0" cb="0"/><line nr="1273" mi="4" ci="0" mb="0" cb="0"/><line nr="1274" mi="9" ci="0" mb="0" cb="0"/><line nr="1275" mi="2" ci="0" mb="0" cb="0"/><line nr="1276" mi="1" ci="0" mb="0" cb="0"/><line nr="1277" mi="1" ci="0" mb="0" cb="0"/><line nr="1281" mi="2" ci="0" mb="0" cb="0"/><line nr="1282" mi="2" ci="0" mb="0" cb="0"/><line nr="1287" mi="8" ci="0" mb="2" cb="0"/><line nr="1289" mi="2" ci="0" mb="0" cb="0"/><line nr="1290" mi="5" ci="0" mb="0" cb="0"/><line nr="1291" mi="5" ci="0" mb="0" cb="0"/><line nr="1292" mi="6" ci="0" mb="0" cb="0"/><line nr="1294" mi="11" ci="0" mb="2" cb="0"/><line nr="1297" mi="12" ci="0" mb="2" cb="0"/><line nr="1298" mi="10" ci="0" mb="0" cb="0"/><line nr="1302" mi="12" ci="0" mb="2" cb="0"/><line nr="1306" mi="6" ci="0" mb="2" cb="0"/><line nr="1308" mi="1" ci="0" mb="0" cb="0"/><line nr="1309" mi="19" ci="0" mb="0" cb="0"/><line nr="1310" mi="1" ci="0" mb="0" cb="0"/><line nr="1314" mi="2" ci="0" mb="2" cb="0"/><line nr="1315" mi="1" ci="0" mb="0" cb="0"/><line nr="1324" mi="6" ci="0" mb="0" cb="0"/><line nr="1326" mi="2" ci="0" mb="2" cb="0"/><line nr="1327" mi="4" ci="0" mb="0" cb="0"/><line nr="1329" mi="3" ci="0" mb="2" cb="0"/><line nr="1330" mi="6" ci="0" mb="0" cb="0"/><line nr="1332" mi="4" ci="0" mb="0" cb="0"/><line nr="1333" mi="4" ci="0" mb="0" cb="0"/><line nr="1334" mi="4" ci="0" mb="0" cb="0"/><line nr="1335" mi="4" ci="0" mb="0" cb="0"/><line nr="1340" mi="6" ci="0" mb="0" cb="0"/><line nr="1341" mi="2" ci="0" mb="0" cb="0"/><line nr="1348" mi="13" ci="0" mb="0" cb="0"/><line nr="1351" mi="4" ci="0" mb="0" cb="0"/><line nr="1353" mi="9" ci="0" mb="2" cb="0"/><line nr="1354" mi="15" ci="0" mb="0" cb="0"/><line nr="1357" mi="10" ci="0" mb="0" cb="0"/><line nr="1358" mi="5" ci="0" mb="0" cb="0"/><line nr="1360" mi="19" ci="0" mb="0" cb="0"/><line nr="1365" mi="16" ci="0" mb="4" cb="0"/><line nr="1366" mi="5" ci="0" mb="0" cb="0"/><line nr="1369" mi="8" ci="0" mb="4" cb="0"/><line nr="1370" mi="5" ci="0" mb="0" cb="0"/><line nr="1374" mi="3" ci="0" mb="0" cb="0"/><line nr="1375" mi="9" ci="0" mb="0" cb="0"/><line nr="1376" mi="4" ci="0" mb="2" cb="0"/><line nr="1377" mi="9" ci="0" mb="0" cb="0"/><line nr="1379" mi="9" ci="0" mb="0" cb="0"/><line nr="1381" mi="2" ci="0" mb="0" cb="0"/><line nr="1382" mi="4" ci="0" mb="0" cb="0"/><line nr="1383" mi="9" ci="0" mb="0" cb="0"/><line nr="1384" mi="2" ci="0" mb="0" cb="0"/><line nr="1385" mi="1" ci="0" mb="0" cb="0"/><line nr="1386" mi="1" ci="0" mb="0" cb="0"/><line nr="1390" mi="2" ci="0" mb="0" cb="0"/><line nr="1391" mi="2" ci="0" mb="0" cb="0"/><line nr="1396" mi="8" ci="0" mb="2" cb="0"/><line nr="1398" mi="2" ci="0" mb="0" cb="0"/><line nr="1399" mi="7" ci="0" mb="0" cb="0"/><line nr="1400" mi="6" ci="0" mb="0" cb="0"/><line nr="1403" mi="11" ci="0" mb="2" cb="0"/><line nr="1405" mi="12" ci="0" mb="2" cb="0"/><line nr="1406" mi="10" ci="0" mb="0" cb="0"/><line nr="1410" mi="12" ci="0" mb="2" cb="0"/><line nr="1414" mi="6" ci="0" mb="2" cb="0"/><line nr="1416" mi="1" ci="0" mb="0" cb="0"/><line nr="1417" mi="19" ci="0" mb="0" cb="0"/><line nr="1418" mi="1" ci="0" mb="0" cb="0"/><line nr="1423" mi="4" ci="0" mb="0" cb="0"/><line nr="1424" mi="4" ci="0" mb="0" cb="0"/><line nr="1426" mi="6" ci="0" mb="0" cb="0"/><line nr="1428" mi="2" ci="0" mb="2" cb="0"/><line nr="1430" mi="3" ci="0" mb="2" cb="0"/><line nr="1431" mi="6" ci="0" mb="0" cb="0"/><line nr="1433" mi="4" ci="0" mb="0" cb="0"/><line nr="1435" mi="4" ci="0" mb="2" cb="0"/><line nr="1436" mi="4" ci="0" mb="0" cb="0"/><line nr="1438" mi="1" ci="0" mb="0" cb="0"/><line nr="1440" mi="8" ci="0" mb="0" cb="0"/><line nr="1442" mi="4" ci="0" mb="2" cb="0"/><line nr="1443" mi="4" ci="0" mb="0" cb="0"/><line nr="1447" mi="6" ci="0" mb="4" cb="0"/><line nr="1448" mi="4" ci="0" mb="0" cb="0"/><line nr="1449" mi="7" ci="0" mb="4" cb="0"/><line nr="1450" mi="4" ci="0" mb="0" cb="0"/><line nr="1451" mi="5" ci="0" mb="2" cb="0"/><line nr="1452" mi="4" ci="0" mb="0" cb="0"/><line nr="1458" mi="6" ci="0" mb="0" cb="0"/><line nr="1459" mi="2" ci="0" mb="0" cb="0"/><line nr="1481" mi="10" ci="0" mb="0" cb="0"/><line nr="1483" mi="2" ci="0" mb="2" cb="0"/><line nr="1484" mi="15" ci="0" mb="0" cb="0"/><line nr="1486" mi="10" ci="0" mb="0" cb="0"/><line nr="1487" mi="5" ci="0" mb="0" cb="0"/><line nr="1488" mi="8" ci="0" mb="0" cb="0"/><line nr="1496" mi="2" ci="0" mb="0" cb="0"/><line nr="1497" mi="9" ci="0" mb="2" cb="0"/><line nr="1498" mi="12" ci="0" mb="0" cb="0"/><line nr="1499" mi="7" ci="0" mb="0" cb="0"/><line nr="1501" mi="2" ci="0" mb="2" cb="0"/><line nr="1502" mi="5" ci="0" mb="0" cb="0"/><line nr="1505" mi="3" ci="0" mb="0" cb="0"/><line nr="1506" mi="8" ci="0" mb="0" cb="0"/><line nr="1509" mi="3" ci="0" mb="0" cb="0"/><line nr="1510" mi="6" ci="0" mb="0" cb="0"/><line nr="1511" mi="2" ci="0" mb="0" cb="0"/><line nr="1521" mi="6" ci="0" mb="0" cb="0"/><line nr="1522" mi="14" ci="0" mb="0" cb="0"/><line nr="1523" mi="14" ci="0" mb="0" cb="0"/><line nr="1524" mi="14" ci="0" mb="0" cb="0"/><line nr="1526" mi="10" ci="0" mb="0" cb="0"/><line nr="1527" mi="5" ci="0" mb="0" cb="0"/><line nr="1528" mi="7" ci="0" mb="0" cb="0"/><line nr="1530" mi="2" ci="0" mb="0" cb="0"/><line nr="1531" mi="9" ci="0" mb="2" cb="0"/><line nr="1532" mi="11" ci="0" mb="0" cb="0"/><line nr="1533" mi="7" ci="0" mb="0" cb="0"/><line nr="1535" mi="2" ci="0" mb="2" cb="0"/><line nr="1536" mi="5" ci="0" mb="0" cb="0"/><line nr="1539" mi="3" ci="0" mb="0" cb="0"/><line nr="1540" mi="7" ci="0" mb="0" cb="0"/><line nr="1544" mi="7" ci="0" mb="0" cb="0"/><line nr="1545" mi="13" ci="0" mb="2" cb="0"/><line nr="1546" mi="3" ci="0" mb="0" cb="0"/><line nr="1547" mi="8" ci="0" mb="0" cb="0"/><line nr="1548" mi="5" ci="0" mb="0" cb="0"/><line nr="1549" mi="5" ci="0" mb="0" cb="0"/><line nr="1552" mi="10" ci="0" mb="0" cb="0"/><line nr="1553" mi="2" ci="0" mb="0" cb="0"/><line nr="1554" mi="8" ci="0" mb="2" cb="0"/><line nr="1555" mi="4" ci="0" mb="0" cb="0"/><line nr="1556" mi="14" ci="0" mb="2" cb="0"/><line nr="1557" mi="11" ci="0" mb="0" cb="0"/><line nr="1559" mi="4" ci="0" mb="0" cb="0"/><line nr="1562" mi="6" ci="0" mb="0" cb="0"/><line nr="1563" mi="2" ci="0" mb="0" cb="0"/><line nr="1572" mi="5" ci="0" mb="2" cb="0"/><line nr="1573" mi="5" ci="0" mb="0" cb="0"/><line nr="1575" mi="5" ci="0" mb="2" cb="0"/><line nr="1576" mi="5" ci="0" mb="0" cb="0"/><line nr="1578" mi="9" ci="0" mb="0" cb="0"/><line nr="1579" mi="3" ci="0" mb="2" cb="0"/><line nr="1580" mi="5" ci="0" mb="0" cb="0"/><line nr="1581" mi="9" ci="0" mb="0" cb="0"/><line nr="1583" mi="9" ci="0" mb="0" cb="0"/><line nr="1584" mi="3" ci="0" mb="2" cb="0"/><line nr="1585" mi="5" ci="0" mb="0" cb="0"/><line nr="1586" mi="9" ci="0" mb="0" cb="0"/><line nr="1588" mi="2" ci="0" mb="0" cb="0"/><line nr="1590" mi="10" ci="0" mb="0" cb="0"/><line nr="1591" mi="5" ci="0" mb="0" cb="0"/><line nr="1594" mi="8" ci="0" mb="0" cb="0"/><line nr="1595" mi="8" ci="0" mb="0" cb="0"/><line nr="1597" mi="4" ci="0" mb="0" cb="0"/><line nr="1598" mi="1" ci="0" mb="0" cb="0"/><line nr="1600" mi="1" ci="0" mb="0" cb="0"/><line nr="1601" mi="4" ci="0" mb="0" cb="0"/><line nr="1602" mi="1" ci="0" mb="0" cb="0"/><line nr="1604" mi="1" ci="0" mb="0" cb="0"/><line nr="1606" mi="3" ci="0" mb="0" cb="0"/><line nr="1607" mi="17" ci="0" mb="0" cb="0"/><line nr="1608" mi="12" ci="0" mb="2" cb="0"/><line nr="1609" mi="24" ci="0" mb="0" cb="0"/><line nr="1611" mi="3" ci="0" mb="0" cb="0"/><line nr="1612" mi="12" ci="0" mb="2" cb="0"/><line nr="1613" mi="4" ci="0" mb="2" cb="0"/><line nr="1614" mi="24" ci="0" mb="0" cb="0"/><line nr="1616" mi="2" ci="0" mb="0" cb="0"/><line nr="1620" mi="2" ci="0" mb="0" cb="0"/><line nr="1622" mi="19" ci="0" mb="0" cb="0"/><line nr="1623" mi="2" ci="0" mb="0" cb="0"/><line nr="1624" mi="2" ci="0" mb="0" cb="0"/><line nr="1625" mi="2" ci="0" mb="0" cb="0"/><line nr="1626" mi="8" ci="0" mb="2" cb="0"/><line nr="1627" mi="4" ci="0" mb="0" cb="0"/><line nr="1628" mi="4" ci="0" mb="0" cb="0"/><line nr="1631" mi="12" ci="0" mb="2" cb="0"/><line nr="1632" mi="17" ci="0" mb="0" cb="0"/><line nr="1633" mi="15" ci="0" mb="0" cb="0"/><line nr="1635" mi="8" ci="0" mb="2" cb="0"/><line nr="1636" mi="4" ci="0" mb="0" cb="0"/><line nr="1639" mi="12" ci="0" mb="2" cb="0"/><line nr="1640" mi="17" ci="0" mb="0" cb="0"/><line nr="1642" mi="15" ci="0" mb="0" cb="0"/><line nr="1645" mi="6" ci="0" mb="0" cb="0"/><line nr="1646" mi="3" ci="0" mb="2" cb="0"/><line nr="1647" mi="6" ci="0" mb="2" cb="0"/><line nr="1648" mi="4" ci="0" mb="2" cb="0"/><line nr="1649" mi="4" ci="0" mb="0" cb="0"/><line nr="1650" mi="1" ci="0" mb="0" cb="0"/><line nr="1653" mi="5" ci="0" mb="0" cb="0"/><line nr="1655" mi="5" ci="0" mb="0" cb="0"/><line nr="1661" mi="6" ci="0" mb="0" cb="0"/><line nr="1662" mi="9" ci="0" mb="0" cb="0"/><line nr="1663" mi="9" ci="0" mb="0" cb="0"/><line nr="1665" mi="2" ci="0" mb="0" cb="0"/><line nr="1675" mi="5" ci="0" mb="0" cb="0"/><line nr="1685" mi="7" ci="0" mb="0" cb="0"/><line nr="1687" mi="12" ci="0" mb="0" cb="0"/><line nr="1690" mi="11" ci="0" mb="0" cb="0"/><line nr="1692" mi="7" ci="0" mb="0" cb="0"/><line nr="1693" mi="11" ci="0" mb="0" cb="0"/><line nr="1697" mi="12" ci="0" mb="0" cb="0"/><line nr="1699" mi="7" ci="0" mb="0" cb="0"/><line nr="1700" mi="11" ci="0" mb="0" cb="0"/><line nr="1703" mi="8" ci="0" mb="0" cb="0"/><line nr="1706" mi="9" ci="0" mb="2" cb="0"/><line nr="1707" mi="6" ci="0" mb="0" cb="0"/><line nr="1712" mi="6" ci="0" mb="0" cb="0"/><line nr="1716" mi="13" ci="0" mb="4" cb="0"/><line nr="1718" mi="12" ci="0" mb="2" cb="0"/><line nr="1719" mi="8" ci="0" mb="4" cb="0"/><line nr="1721" mi="3" ci="0" mb="0" cb="0"/><line nr="1722" mi="4" ci="0" mb="0" cb="0"/><line nr="1723" mi="4" ci="0" mb="0" cb="0"/><line nr="1724" mi="4" ci="0" mb="0" cb="0"/><line nr="1736" mi="6" ci="0" mb="0" cb="0"/><line nr="1739" mi="10" ci="0" mb="0" cb="0"/><line nr="1740" mi="4" ci="0" mb="0" cb="0"/><line nr="1742" mi="8" ci="0" mb="2" cb="0"/><line nr="1743" mi="14" ci="0" mb="2" cb="0"/><line nr="1744" mi="4" ci="0" mb="2" cb="0"/><line nr="1745" mi="12" ci="0" mb="0" cb="0"/><line nr="1747" mi="8" ci="0" mb="0" cb="0"/><line nr="1749" mi="4" ci="0" mb="0" cb="0"/><line nr="1754" mi="5" ci="0" mb="0" cb="0"/><line nr="1755" mi="2" ci="0" mb="0" cb="0"/><line nr="1765" mi="7" ci="0" mb="0" cb="0"/><line nr="1767" mi="6" ci="0" mb="0" cb="0"/><line nr="1769" mi="7" ci="0" mb="0" cb="0"/><line nr="1773" mi="10" ci="0" mb="0" cb="0"/><line nr="1776" mi="8" ci="0" mb="2" cb="0"/><line nr="1777" mi="4" ci="0" mb="0" cb="0"/><line nr="1787" mi="12" ci="0" mb="2" cb="0"/><line nr="1788" mi="8" ci="0" mb="0" cb="0"/><line nr="1792" mi="9" ci="0" mb="2" cb="0"/><line nr="1793" mi="7" ci="0" mb="0" cb="0"/><line nr="1801" mi="2" ci="0" mb="2" cb="0"/><line nr="1802" mi="1" ci="0" mb="0" cb="0"/><line nr="1804" mi="3" ci="0" mb="2" cb="0"/><line nr="1805" mi="3" ci="0" mb="0" cb="0"/><line nr="1806" mi="5" ci="0" mb="2" cb="0"/><line nr="1807" mi="3" ci="0" mb="2" cb="0"/><line nr="1809" mi="4" ci="0" mb="0" cb="0"/><line nr="1812" mi="1" ci="0" mb="0" cb="0"/><line nr="1817" mi="5" ci="0" mb="0" cb="0"/><line nr="1823" mi="2" ci="0" mb="0" cb="0"/><line nr="1838" mi="7" ci="0" mb="0" cb="0"/><line nr="1839" mi="7" ci="0" mb="0" cb="0"/><line nr="1841" mi="7" ci="0" mb="0" cb="0"/><line nr="1844" mi="6" ci="0" mb="0" cb="0"/><line nr="1845" mi="6" ci="0" mb="0" cb="0"/><line nr="1847" mi="2" ci="0" mb="0" cb="0"/><line nr="1848" mi="5" ci="0" mb="2" cb="0"/><line nr="1849" mi="6" ci="0" mb="0" cb="0"/><line nr="1852" mi="4" ci="0" mb="0" cb="0"/><line nr="1854" mi="4" ci="0" mb="2" cb="0"/><line nr="1855" mi="2" ci="0" mb="2" cb="0"/><line nr="1856" mi="4" ci="0" mb="0" cb="0"/><line nr="1864" mi="11" ci="0" mb="0" cb="0"/><line nr="1865" mi="2" ci="0" mb="0" cb="0"/><line nr="1869" mi="2" ci="0" mb="0" cb="0"/><line nr="1871" mi="3" ci="0" mb="2" cb="0"/><line nr="1872" mi="4" ci="0" mb="0" cb="0"/><line nr="1875" mi="3" ci="0" mb="2" cb="0"/><line nr="1876" mi="12" ci="0" mb="0" cb="0"/><line nr="1877" mi="17" ci="0" mb="0" cb="0"/><line nr="1882" mi="12" ci="0" mb="2" cb="0"/><line nr="1883" mi="11" ci="0" mb="2" cb="0"/><line nr="1886" mi="8" ci="0" mb="6" cb="0"/><line nr="1887" mi="5" ci="0" mb="0" cb="0"/><line nr="1892" mi="11" ci="0" mb="2" cb="0"/><line nr="1893" mi="7" ci="0" mb="2" cb="0"/><line nr="1896" mi="2" ci="0" mb="2" cb="0"/><line nr="1897" mi="6" ci="0" mb="0" cb="0"/><line nr="1898" mi="6" ci="0" mb="0" cb="0"/><line nr="1899" mi="6" ci="0" mb="0" cb="0"/><line nr="1903" mi="6" ci="0" mb="0" cb="0"/><line nr="1905" mi="2" ci="0" mb="0" cb="0"/><line nr="1916" mi="7" ci="0" mb="0" cb="0"/><line nr="1918" mi="6" ci="0" mb="0" cb="0"/><line nr="1920" mi="7" ci="0" mb="0" cb="0"/><line nr="1924" mi="7" ci="0" mb="0" cb="0"/><line nr="1925" mi="11" ci="0" mb="0" cb="0"/><line nr="1929" mi="12" ci="0" mb="0" cb="0"/><line nr="1931" mi="7" ci="0" mb="0" cb="0"/><line nr="1932" mi="11" ci="0" mb="0" cb="0"/><line nr="1940" mi="6" ci="0" mb="0" cb="0"/><line nr="1943" mi="4" ci="0" mb="0" cb="0"/><line nr="1944" mi="12" ci="0" mb="2" cb="0"/><line nr="1945" mi="8" ci="0" mb="0" cb="0"/><line nr="1948" mi="9" ci="0" mb="2" cb="0"/><line nr="1949" mi="6" ci="0" mb="0" cb="0"/><line nr="1952" mi="5" ci="0" mb="0" cb="0"/><line nr="1953" mi="6" ci="0" mb="0" cb="0"/><line nr="1960" mi="6" ci="0" mb="0" cb="0"/><line nr="1963" mi="12" ci="0" mb="2" cb="0"/><line nr="1964" mi="4" ci="0" mb="2" cb="0"/><line nr="1965" mi="3" ci="0" mb="0" cb="0"/><line nr="1966" mi="4" ci="0" mb="0" cb="0"/><line nr="1967" mi="4" ci="0" mb="0" cb="0"/><line nr="1968" mi="4" ci="0" mb="0" cb="0"/><line nr="1973" mi="7" ci="0" mb="0" cb="0"/><line nr="1976" mi="6" ci="0" mb="0" cb="0"/><line nr="1979" mi="2" ci="0" mb="0" cb="0"/><line nr="1982" mi="10" ci="0" mb="0" cb="0"/><line nr="1984" mi="8" ci="0" mb="2" cb="0"/><line nr="1985" mi="4" ci="0" mb="0" cb="0"/><line nr="1987" mi="4" ci="0" mb="0" cb="0"/><line nr="1988" mi="12" ci="0" mb="2" cb="0"/><line nr="1989" mi="8" ci="0" mb="0" cb="0"/><line nr="1992" mi="6" ci="0" mb="0" cb="0"/><line nr="1994" mi="9" ci="0" mb="2" cb="0"/><line nr="1995" mi="6" ci="0" mb="0" cb="0"/><line nr="1998" mi="6" ci="0" mb="0" cb="0"/><line nr="2000" mi="12" ci="0" mb="2" cb="0"/><line nr="2002" mi="4" ci="0" mb="2" cb="0"/><line nr="2003" mi="6" ci="0" mb="0" cb="0"/><line nr="2006" mi="4" ci="0" mb="0" cb="0"/><line nr="2010" mi="2" ci="0" mb="0" cb="0"/><line nr="2019" mi="7" ci="0" mb="0" cb="0"/><line nr="2022" mi="7" ci="0" mb="0" cb="0"/><line nr="2025" mi="6" ci="0" mb="0" cb="0"/><line nr="2028" mi="11" ci="0" mb="2" cb="0"/><line nr="2029" mi="1" ci="0" mb="0" cb="0"/><line nr="2030" mi="2" ci="0" mb="2" cb="0"/><line nr="2031" mi="5" ci="0" mb="0" cb="0"/><line nr="2034" mi="6" ci="0" mb="0" cb="0"/><line nr="2037" mi="3" ci="0" mb="2" cb="0"/><line nr="2038" mi="3" ci="0" mb="0" cb="0"/><line nr="2039" mi="1" ci="0" mb="0" cb="0"/><line nr="2040" mi="4" ci="0" mb="0" cb="0"/><line nr="2041" mi="10" ci="0" mb="0" cb="0"/><line nr="2044" mi="2" ci="0" mb="2" cb="0"/><line nr="2048" mi="7" ci="0" mb="0" cb="0"/><line nr="2049" mi="6" ci="0" mb="0" cb="0"/><line nr="2051" mi="2" ci="0" mb="0" cb="0"/><line nr="2052" mi="2" ci="0" mb="0" cb="0"/><line nr="2053" mi="4" ci="0" mb="2" cb="0"/><line nr="2054" mi="5" ci="0" mb="0" cb="0"/><line nr="2055" mi="5" ci="0" mb="0" cb="0"/><line nr="2059" mi="3" ci="0" mb="2" cb="0"/><line nr="2060" mi="2" ci="0" mb="2" cb="0"/><line nr="2061" mi="2" ci="0" mb="0" cb="0"/><line nr="2062" mi="1" ci="0" mb="0" cb="0"/><line nr="2063" mi="4" ci="0" mb="0" cb="0"/><line nr="2065" mi="1" ci="0" mb="0" cb="0"/><line nr="2066" mi="6" ci="0" mb="0" cb="0"/><line nr="2069" mi="2" ci="0" mb="0" cb="0"/><line nr="2070" mi="2" ci="0" mb="2" cb="0"/><line nr="2071" mi="6" ci="0" mb="0" cb="0"/><line nr="2072" mi="1" ci="0" mb="0" cb="0"/><line nr="2073" mi="2" ci="0" mb="0" cb="0"/><line nr="2085" mi="7" ci="0" mb="0" cb="0"/><line nr="2088" mi="6" ci="0" mb="0" cb="0"/><line nr="2089" mi="1" ci="0" mb="0" cb="0"/><line nr="2091" mi="6" ci="0" mb="0" cb="0"/><line nr="2093" mi="5" ci="0" mb="0" cb="0"/><line nr="2094" mi="3" ci="0" mb="2" cb="0"/><line nr="2095" mi="3" ci="0" mb="0" cb="0"/><line nr="2096" mi="6" ci="0" mb="2" cb="0"/><line nr="2097" mi="6" ci="0" mb="4" cb="0"/><line nr="2098" mi="8" ci="0" mb="0" cb="0"/><line nr="2099" mi="2" ci="0" mb="0" cb="0"/><line nr="2100" mi="1" ci="0" mb="0" cb="0"/><line nr="2101" mi="5" ci="0" mb="0" cb="0"/><line nr="2105" mi="3" ci="0" mb="0" cb="0"/><line nr="2106" mi="6" ci="0" mb="2" cb="0"/><line nr="2107" mi="13" ci="0" mb="4" cb="0"/><line nr="2108" mi="8" ci="0" mb="0" cb="0"/><line nr="2109" mi="2" ci="0" mb="0" cb="0"/><line nr="2110" mi="1" ci="0" mb="0" cb="0"/><line nr="2111" mi="5" ci="0" mb="0" cb="0"/><line nr="2118" mi="4" ci="0" mb="0" cb="0"/><line nr="2120" mi="6" ci="0" mb="0" cb="0"/><line nr="2123" mi="2" ci="0" mb="0" cb="0"/><line nr="2134" mi="7" ci="0" mb="0" cb="0"/><line nr="2136" mi="6" ci="0" mb="0" cb="0"/><line nr="2138" mi="7" ci="0" mb="0" cb="0"/><line nr="2140" mi="6" ci="0" mb="0" cb="0"/><line nr="2142" mi="12" ci="0" mb="2" cb="0"/><line nr="2143" mi="2" ci="0" mb="0" cb="0"/><line nr="2144" mi="9" ci="0" mb="2" cb="0"/><line nr="2145" mi="7" ci="0" mb="2" cb="0"/><line nr="2146" mi="2" ci="0" mb="0" cb="0"/><line nr="2147" mi="1" ci="0" mb="0" cb="0"/><line nr="2150" mi="2" ci="0" mb="2" cb="0"/><line nr="2151" mi="3" ci="0" mb="0" cb="0"/><line nr="2152" mi="4" ci="0" mb="0" cb="0"/><line nr="2153" mi="4" ci="0" mb="0" cb="0"/><line nr="2154" mi="4" ci="0" mb="0" cb="0"/><line nr="2159" mi="4" ci="0" mb="2" cb="0"/><line nr="2160" mi="5" ci="0" mb="0" cb="0"/><line nr="2162" mi="7" ci="0" mb="2" cb="0"/><line nr="2163" mi="2" ci="0" mb="0" cb="0"/><line nr="2166" mi="10" ci="0" mb="0" cb="0"/><line nr="2168" mi="8" ci="0" mb="2" cb="0"/><line nr="2169" mi="6" ci="0" mb="0" cb="0"/><line nr="2172" mi="2" ci="0" mb="0" cb="0"/><line nr="2178" mi="3" ci="0" mb="0" cb="0"/><line nr="2180" mi="15" ci="0" mb="4" cb="0"/><line nr="2181" mi="7" ci="0" mb="0" cb="0"/><line nr="2184" mi="4" ci="0" mb="0" cb="0"/><line nr="2185" mi="9" ci="0" mb="2" cb="0"/><line nr="2186" mi="7" ci="0" mb="0" cb="0"/><line nr="2187" mi="2" ci="0" mb="0" cb="0"/><line nr="2188" mi="5" ci="0" mb="2" cb="0"/><line nr="2190" mi="5" ci="0" mb="0" cb="0"/><line nr="2192" mi="4" ci="0" mb="0" cb="0"/><line nr="2194" mi="12" ci="0" mb="4" cb="0"/><line nr="2198" mi="5" ci="0" mb="0" cb="0"/><line nr="2201" mi="5" ci="0" mb="0" cb="0"/><line nr="2233" mi="2" ci="0" mb="0" cb="0"/><line nr="2234" mi="5" ci="0" mb="0" cb="0"/><line nr="2235" mi="3" ci="0" mb="0" cb="0"/><line nr="2237" mi="5" ci="0" mb="0" cb="0"/><line nr="2238" mi="12" ci="0" mb="2" cb="0"/><line nr="2239" mi="7" ci="0" mb="2" cb="0"/><line nr="2240" mi="1" ci="0" mb="0" cb="0"/><line nr="2241" mi="3" ci="0" mb="0" cb="0"/><line nr="2242" mi="4" ci="0" mb="0" cb="0"/><line nr="2243" mi="4" ci="0" mb="0" cb="0"/><line nr="2244" mi="4" ci="0" mb="0" cb="0"/><line nr="2247" mi="8" ci="0" mb="0" cb="0"/><line nr="2248" mi="8" ci="0" mb="2" cb="0"/><line nr="2249" mi="6" ci="0" mb="0" cb="0"/><line nr="2255" mi="8" ci="0" mb="2" cb="0"/><line nr="2256" mi="16" ci="0" mb="0" cb="0"/><line nr="2258" mi="11" ci="0" mb="2" cb="0"/><line nr="2259" mi="19" ci="0" mb="0" cb="0"/><line nr="2260" mi="2" ci="0" mb="0" cb="0"/><line nr="2274" mi="2" ci="0" mb="2" cb="0"/><line nr="2276" mi="9" ci="0" mb="0" cb="0"/><line nr="2281" mi="2" ci="0" mb="0" cb="0"/><line nr="2290" mi="3" ci="0" mb="0" cb="0"/><line nr="2292" mi="5" ci="0" mb="2" cb="0"/><line nr="2293" mi="10" ci="0" mb="2" cb="0"/><line nr="2294" mi="7" ci="0" mb="0" cb="0"/><line nr="2297" mi="4" ci="0" mb="0" cb="0"/><line nr="2298" mi="9" ci="0" mb="2" cb="0"/><line nr="2299" mi="7" ci="0" mb="0" cb="0"/><line nr="2300" mi="2" ci="0" mb="0" cb="0"/><line nr="2301" mi="5" ci="0" mb="2" cb="0"/><line nr="2303" mi="5" ci="0" mb="0" cb="0"/><line nr="2305" mi="4" ci="0" mb="0" cb="0"/><line nr="2306" mi="2" ci="0" mb="2" cb="0"/><line nr="2307" mi="10" ci="0" mb="2" cb="0"/><line nr="2311" mi="5" ci="0" mb="0" cb="0"/><line nr="2315" mi="5" ci="0" mb="0" cb="0"/><line nr="2325" mi="9" ci="0" mb="0" cb="0"/><line nr="2327" mi="3" ci="0" mb="0" cb="0"/><line nr="2328" mi="3" ci="0" mb="0" cb="0"/><line nr="2330" mi="3" ci="0" mb="2" cb="0"/><line nr="2331" mi="2" ci="0" mb="0" cb="0"/><line nr="2332" mi="3" ci="0" mb="2" cb="0"/><line nr="2333" mi="2" ci="0" mb="0" cb="0"/><line nr="2335" mi="2" ci="0" mb="0" cb="0"/><line nr="2342" mi="2" ci="0" mb="0" cb="0"/><line nr="2343" mi="5" ci="0" mb="0" cb="0"/><line nr="2344" mi="3" ci="0" mb="0" cb="0"/><line nr="2346" mi="5" ci="0" mb="0" cb="0"/><line nr="2347" mi="12" ci="0" mb="2" cb="0"/><line nr="2348" mi="7" ci="0" mb="2" cb="0"/><line nr="2349" mi="1" ci="0" mb="0" cb="0"/><line nr="2350" mi="3" ci="0" mb="0" cb="0"/><line nr="2351" mi="4" ci="0" mb="0" cb="0"/><line nr="2352" mi="4" ci="0" mb="0" cb="0"/><line nr="2353" mi="4" ci="0" mb="0" cb="0"/><line nr="2357" mi="8" ci="0" mb="0" cb="0"/><line nr="2360" mi="2" ci="0" mb="0" cb="0"/><line nr="2361" mi="2" ci="0" mb="0" cb="0"/><line nr="2362" mi="2" ci="0" mb="0" cb="0"/><line nr="2364" mi="11" ci="0" mb="2" cb="0"/><line nr="2365" mi="16" ci="0" mb="0" cb="0"/><line nr="2367" mi="7" ci="0" mb="0" cb="0"/><line nr="2369" mi="2" ci="0" mb="0" cb="0"/><line nr="2371" mi="8" ci="0" mb="2" cb="0"/><line nr="2372" mi="16" ci="0" mb="0" cb="0"/><line nr="2374" mi="11" ci="0" mb="2" cb="0"/><line nr="2385" mi="15" ci="0" mb="2" cb="0"/><line nr="2387" mi="1" ci="0" mb="0" cb="0"/><line nr="2389" mi="1" ci="0" mb="0" cb="0"/><line nr="2393" mi="6" ci="0" mb="2" cb="0"/><line nr="2394" mi="4" ci="0" mb="0" cb="0"/><line nr="2399" mi="2" ci="0" mb="0" cb="0"/><line nr="2409" mi="12" ci="0" mb="0" cb="0"/><line nr="2411" mi="5" ci="0" mb="2" cb="0"/><line nr="2412" mi="15" ci="0" mb="0" cb="0"/><line nr="2414" mi="7" ci="0" mb="0" cb="0"/><line nr="2415" mi="7" ci="0" mb="0" cb="0"/><line nr="2417" mi="10" ci="0" mb="4" cb="0"/><line nr="2418" mi="15" ci="0" mb="0" cb="0"/><line nr="2420" mi="3" ci="0" mb="0" cb="0"/><line nr="2421" mi="3" ci="0" mb="0" cb="0"/><line nr="2422" mi="4" ci="0" mb="0" cb="0"/><line nr="2424" mi="6" ci="0" mb="2" cb="0"/><line nr="2425" mi="15" ci="0" mb="0" cb="0"/><line nr="2428" mi="2" ci="0" mb="0" cb="0"/><line nr="2429" mi="9" ci="0" mb="0" cb="0"/><line nr="2433" mi="8" ci="0" mb="2" cb="0"/><line nr="2434" mi="2" ci="0" mb="0" cb="0"/><line nr="2435" mi="8" ci="0" mb="2" cb="0"/><line nr="2436" mi="8" ci="0" mb="2" cb="0"/><line nr="2437" mi="2" ci="0" mb="0" cb="0"/><line nr="2438" mi="1" ci="0" mb="0" cb="0"/><line nr="2441" mi="2" ci="0" mb="2" cb="0"/><line nr="2442" mi="6" ci="0" mb="0" cb="0"/><line nr="2446" mi="5" ci="0" mb="2" cb="0"/><line nr="2448" mi="8" ci="0" mb="2" cb="0"/><line nr="2449" mi="2" ci="0" mb="0" cb="0"/><line nr="2450" mi="8" ci="0" mb="2" cb="0"/><line nr="2451" mi="8" ci="0" mb="2" cb="0"/><line nr="2452" mi="2" ci="0" mb="0" cb="0"/><line nr="2453" mi="1" ci="0" mb="0" cb="0"/><line nr="2456" mi="2" ci="0" mb="2" cb="0"/><line nr="2457" mi="6" ci="0" mb="0" cb="0"/><line nr="2462" mi="2" ci="0" mb="0" cb="0"/><line nr="2468" mi="6" ci="0" mb="0" cb="0"/><line nr="2469" mi="2" ci="0" mb="0" cb="0"/><line nr="2470" mi="3" ci="0" mb="2" cb="0"/><line nr="2471" mi="4" ci="0" mb="0" cb="0"/><line nr="2473" mi="5" ci="0" mb="0" cb="0"/><line nr="2475" mi="6" ci="0" mb="0" cb="0"/><line nr="2476" mi="2" ci="0" mb="0" cb="0"/><line nr="2477" mi="3" ci="0" mb="2" cb="0"/><line nr="2478" mi="4" ci="0" mb="0" cb="0"/><line nr="2480" mi="5" ci="0" mb="0" cb="0"/><line nr="2483" mi="3" ci="0" mb="0" cb="0"/><line nr="2484" mi="12" ci="0" mb="2" cb="0"/><line nr="2487" mi="17" ci="0" mb="4" cb="0"/><line nr="2488" mi="5" ci="0" mb="0" cb="0"/><line nr="2493" mi="2" ci="0" mb="0" cb="0"/><line nr="2494" mi="10" ci="0" mb="0" cb="0"/><line nr="2495" mi="2" ci="0" mb="0" cb="0"/><line nr="2496" mi="8" ci="0" mb="2" cb="0"/><line nr="2497" mi="4" ci="0" mb="0" cb="0"/><line nr="2498" mi="12" ci="0" mb="2" cb="0"/><line nr="2499" mi="7" ci="0" mb="2" cb="0"/><line nr="2500" mi="4" ci="0" mb="0" cb="0"/><line nr="2507" mi="2" ci="0" mb="0" cb="0"/><line nr="2537" mi="2" ci="0" mb="0" cb="0"/><line nr="2538" mi="2" ci="0" mb="0" cb="0"/><line nr="2540" mi="11" ci="0" mb="2" cb="0"/><line nr="2542" mi="7" ci="0" mb="0" cb="0"/><line nr="2543" mi="3" ci="0" mb="2" cb="0"/><line nr="2544" mi="3" ci="0" mb="0" cb="0"/><line nr="2545" mi="8" ci="0" mb="4" cb="0"/><line nr="2547" mi="9" ci="0" mb="0" cb="0"/><line nr="2552" mi="11" ci="0" mb="0" cb="0"/><line nr="2573" mi="6" ci="0" mb="0" cb="0"/><line nr="2576" mi="2" ci="0" mb="0" cb="0"/><line nr="2577" mi="4" ci="0" mb="0" cb="0"/><line nr="2579" mi="3" ci="0" mb="2" cb="0"/><line nr="2580" mi="3" ci="0" mb="0" cb="0"/><line nr="2581" mi="3" ci="0" mb="0" cb="0"/><line nr="2582" mi="2" ci="0" mb="0" cb="0"/><line nr="2583" mi="12" ci="0" mb="2" cb="0"/><line nr="2584" mi="7" ci="0" mb="2" cb="0"/><line nr="2585" mi="1" ci="0" mb="0" cb="0"/><line nr="2586" mi="2" ci="0" mb="0" cb="0"/><line nr="2589" mi="3" ci="0" mb="2" cb="0"/><line nr="2590" mi="5" ci="0" mb="0" cb="0"/><line nr="2593" mi="3" ci="0" mb="2" cb="0"/><line nr="2595" mi="3" ci="0" mb="0" cb="0"/><line nr="2597" mi="7" ci="0" mb="0" cb="0"/><line nr="2598" mi="3" ci="0" mb="0" cb="0"/><line nr="2600" mi="8" ci="0" mb="2" cb="0"/><line nr="2601" mi="5" ci="0" mb="0" cb="0"/><line nr="2603" mi="3" ci="0" mb="0" cb="0"/><line nr="2605" mi="1" ci="0" mb="0" cb="0"/><line nr="2606" mi="5" ci="0" mb="0" cb="0"/><line nr="2611" mi="5" ci="0" mb="0" cb="0"/><line nr="2613" mi="12" ci="0" mb="2" cb="0"/><line nr="2614" mi="5" ci="0" mb="2" cb="0"/><line nr="2615" mi="5" ci="0" mb="0" cb="0"/><line nr="2616" mi="8" ci="0" mb="2" cb="0"/><line nr="2617" mi="5" ci="0" mb="0" cb="0"/><line nr="2619" mi="5" ci="0" mb="0" cb="0"/><line nr="2620" mi="9" ci="0" mb="0" cb="0"/><line nr="2622" mi="4" ci="0" mb="0" cb="0"/><line nr="2623" mi="9" ci="0" mb="0" cb="0"/><line nr="2627" mi="8" ci="0" mb="0" cb="0"/><line nr="2629" mi="8" ci="0" mb="2" cb="0"/><line nr="2630" mi="5" ci="0" mb="0" cb="0"/><line nr="2633" mi="25" ci="0" mb="0" cb="0"/><line nr="2640" mi="8" ci="0" mb="0" cb="0"/><line nr="2641" mi="6" ci="0" mb="0" cb="0"/><line nr="2643" mi="5" ci="0" mb="0" cb="0"/><line nr="2645" mi="6" ci="0" mb="0" cb="0"/><line nr="2647" mi="16" ci="0" mb="0" cb="0"/><line nr="2649" mi="4" ci="0" mb="0" cb="0"/><line nr="2652" mi="5" ci="0" mb="0" cb="0"/><line nr="2654" mi="7" ci="0" mb="0" cb="0"/><line nr="2657" mi="2" ci="0" mb="0" cb="0"/><line nr="2663" mi="6" ci="0" mb="0" cb="0"/><line nr="2665" mi="9" ci="0" mb="2" cb="0"/><line nr="2666" mi="2" ci="0" mb="0" cb="0"/><line nr="2667" mi="1" ci="0" mb="0" cb="0"/><line nr="2668" mi="1" ci="0" mb="0" cb="0"/><line nr="2669" mi="5" ci="0" mb="0" cb="0"/><line nr="2670" mi="5" ci="0" mb="0" cb="0"/><line nr="2673" mi="2" ci="0" mb="0" cb="0"/><line nr="2678" mi="12" ci="0" mb="0" cb="0"/><line nr="2680" mi="9" ci="0" mb="0" cb="0"/><line nr="2681" mi="2" ci="0" mb="2" cb="0"/><line nr="2682" mi="16" ci="0" mb="0" cb="0"/><line nr="2684" mi="8" ci="0" mb="2" cb="0"/><line nr="2685" mi="16" ci="0" mb="0" cb="0"/><line nr="2689" mi="4" ci="0" mb="0" cb="0"/><line nr="2692" mi="11" ci="0" mb="2" cb="0"/><line nr="2694" mi="8" ci="0" mb="0" cb="0"/><line nr="2695" mi="8" ci="0" mb="0" cb="0"/><line nr="2698" mi="9" ci="0" mb="0" cb="0"/><line nr="2702" mi="11" ci="0" mb="0" cb="0"/><line nr="2703" mi="14" ci="0" mb="0" cb="0"/><line nr="2705" mi="10" ci="0" mb="0" cb="0"/><line nr="2706" mi="7" ci="0" mb="0" cb="0"/><line nr="2707" mi="2" ci="0" mb="0" cb="0"/><line nr="2710" mi="6" ci="0" mb="0" cb="0"/><line nr="2712" mi="8" ci="0" mb="2" cb="0"/><line nr="2713" mi="6" ci="0" mb="0" cb="0"/><line nr="2716" mi="5" ci="0" mb="0" cb="0"/><line nr="2718" mi="14" ci="0" mb="4" cb="0"/><line nr="2719" mi="5" ci="0" mb="0" cb="0"/><line nr="2722" mi="5" ci="0" mb="0" cb="0"/><line nr="2723" mi="6" ci="0" mb="0" cb="0"/><line nr="2724" mi="9" ci="0" mb="0" cb="0"/><line nr="2725" mi="2" ci="0" mb="0" cb="0"/><line nr="2736" mi="8" ci="0" mb="0" cb="0"/><line nr="2737" mi="9" ci="0" mb="2" cb="0"/><line nr="2738" mi="9" ci="0" mb="0" cb="0"/><line nr="2740" mi="4" ci="0" mb="0" cb="0"/><line nr="2741" mi="5" ci="0" mb="0" cb="0"/><line nr="2743" mi="7" ci="0" mb="0" cb="0"/><line nr="2745" mi="2" ci="0" mb="0" cb="0"/><line nr="2755" mi="9" ci="0" mb="0" cb="0"/><line nr="2756" mi="2" ci="0" mb="2" cb="0"/><line nr="2757" mi="16" ci="0" mb="0" cb="0"/><line nr="2759" mi="8" ci="0" mb="2" cb="0"/><line nr="2760" mi="16" ci="0" mb="0" cb="0"/><line nr="2762" mi="4" ci="0" mb="0" cb="0"/><line nr="2764" mi="9" ci="0" mb="2" cb="0"/><line nr="2765" mi="9" ci="0" mb="0" cb="0"/><line nr="2766" mi="8" ci="0" mb="0" cb="0"/><line nr="2767" mi="9" ci="0" mb="0" cb="0"/><line nr="2775" mi="4" ci="0" mb="0" cb="0"/><line nr="2777" mi="6" ci="0" mb="0" cb="0"/><line nr="2779" mi="6" ci="0" mb="0" cb="0"/><line nr="2781" mi="5" ci="0" mb="0" cb="0"/><line nr="2783" mi="12" ci="0" mb="2" cb="0"/><line nr="2784" mi="5" ci="0" mb="0" cb="0"/><line nr="2789" mi="10" ci="0" mb="4" cb="0"/><line nr="2790" mi="5" ci="0" mb="2" cb="0"/><line nr="2791" mi="3" ci="0" mb="0" cb="0"/><line nr="2792" mi="17" ci="0" mb="0" cb="0"/><line nr="2794" mi="3" ci="0" mb="0" cb="0"/><line nr="2795" mi="16" ci="0" mb="6" cb="0"/><line nr="2796" mi="5" ci="0" mb="0" cb="0"/><line nr="2800" mi="2" ci="0" mb="0" cb="0"/><line nr="2806" mi="3" ci="0" mb="2" cb="0"/><line nr="2807" mi="5" ci="0" mb="0" cb="0"/><line nr="2809" mi="13" ci="0" mb="0" cb="0"/><line nr="2811" mi="2" ci="0" mb="0" cb="0"/><line nr="2812" mi="4" ci="0" mb="2" cb="0"/><line nr="2813" mi="5" ci="0" mb="0" cb="0"/><line nr="2814" mi="9" ci="0" mb="2" cb="0"/><line nr="2815" mi="7" ci="0" mb="0" cb="0"/><line nr="2818" mi="11" ci="0" mb="0" cb="0"/><line nr="2819" mi="2" ci="0" mb="2" cb="0"/><line nr="2820" mi="5" ci="0" mb="0" cb="0"/><line nr="2821" mi="2" ci="0" mb="0" cb="0"/><line nr="2833" mi="3" ci="0" mb="2" cb="0"/><line nr="2834" mi="5" ci="0" mb="0" cb="0"/><line nr="2836" mi="7" ci="0" mb="0" cb="0"/><line nr="2838" mi="10" ci="0" mb="0" cb="0"/><line nr="2840" mi="8" ci="0" mb="0" cb="0"/><line nr="2842" mi="7" ci="0" mb="0" cb="0"/><line nr="2843" mi="2" ci="0" mb="2" cb="0"/><line nr="2844" mi="5" ci="0" mb="0" cb="0"/><line nr="2846" mi="2" ci="0" mb="0" cb="0"/><line nr="2857" mi="8" ci="0" mb="0" cb="0"/><line nr="2858" mi="6" ci="0" mb="7" cb="0"/><line nr="2860" mi="3" ci="0" mb="0" cb="0"/><line nr="2861" mi="3" ci="0" mb="0" cb="0"/><line nr="2862" mi="8" ci="0" mb="2" cb="0"/><line nr="2863" mi="4" ci="0" mb="0" cb="0"/><line nr="2864" mi="11" ci="0" mb="0" cb="0"/><line nr="2865" mi="12" ci="0" mb="2" cb="0"/><line nr="2866" mi="18" ci="0" mb="0" cb="0"/><line nr="2868" mi="2" ci="0" mb="0" cb="0"/><line nr="2870" mi="10" ci="0" mb="0" cb="0"/><line nr="2871" mi="1" ci="0" mb="0" cb="0"/><line nr="2874" mi="3" ci="0" mb="0" cb="0"/><line nr="2875" mi="1" ci="0" mb="0" cb="0"/><line nr="2877" mi="13" ci="0" mb="0" cb="0"/><line nr="2878" mi="1" ci="0" mb="0" cb="0"/><line nr="2880" mi="3" ci="0" mb="0" cb="0"/><line nr="2881" mi="1" ci="0" mb="0" cb="0"/><line nr="2883" mi="13" ci="0" mb="0" cb="0"/><line nr="2884" mi="1" ci="0" mb="0" cb="0"/><line nr="2886" mi="3" ci="0" mb="0" cb="0"/><line nr="2887" mi="1" ci="0" mb="0" cb="0"/><line nr="2889" mi="3" ci="0" mb="0" cb="0"/><line nr="2892" mi="2" ci="0" mb="0" cb="0"/><line nr="2905" mi="3" ci="0" mb="0" cb="0"/><line nr="2906" mi="5" ci="0" mb="0" cb="0"/><line nr="2924" mi="5" ci="0" mb="4" cb="0"/><line nr="2925" mi="6" ci="0" mb="0" cb="0"/><line nr="2926" mi="2" ci="0" mb="2" cb="0"/><line nr="2927" mi="2" ci="0" mb="0" cb="0"/><line nr="2929" mi="4" ci="0" mb="2" cb="0"/><line nr="2930" mi="8" ci="0" mb="0" cb="0"/><line nr="2931" mi="2" ci="0" mb="2" cb="0"/><line nr="2932" mi="2" ci="0" mb="0" cb="0"/><line nr="2937" mi="13" ci="0" mb="0" cb="0"/><counter type="INSTRUCTION" missed="6701" covered="0"/><counter type="BRANCH" missed="761" covered="0"/><counter type="LINE" missed="1111" covered="0"/><counter type="COMPLEXITY" missed="451" covered="0"/><counter type="METHOD" missed="61" covered="0"/><counter type="CLASS" missed="2" covered="0"/></sourcefile><sourcefile name="NumberOp.java"><line nr="12" mi="3" ci="0" mb="0" cb="0"/><line nr="17" mi="6" ci="0" mb="4
[...]
<counter type="METHOD" missed="2" covered="14"/><counter type="CLASS" missed="0" covered="2"/></sourcefile><sourcefile name="Scalar.java"><line nr="9" mi="0" ci="28" mb="0" cb="0"/><line nr="10" mi="0" ci="36" mb="0" cb="0"/><line nr="13" mi="0" ci="6" mb="0" cb="0"/><line nr="14" mi="0" ci="7" mb="0" cb="0"/><line nr="18" mi="0" ci="9" mb="0" cb="0"/><line nr="25" mi="0" ci="2" mb="0" cb="0"/><line nr="27" mi="0" ci="6" mb="0" cb="0"/><line nr="28" mi="0" ci="3" mb="0" cb="0"/><line nr="29" mi="0" ci="3" mb="0" cb="0"/><line nr="32" mi="0" ci="8" mb="2" cb="2"/><line nr="33" mi="3" ci="0" mb="0" cb="0"/><line nr="34" mi="3" ci="0" mb="0" cb="0"/><line nr="35" mi="3" ci="0" mb="0" cb="0"/><line nr="38" mi="0" ci="4" mb="0" cb="2"/><line nr="40" mi="0" ci="3" mb="0" cb="0"/><line nr="42" mi="0" ci="4" mb="0" cb="2"/><line nr="44" mi="0" ci="3" mb="0" cb="0"/><line nr="46" mi="0" ci="4" mb="0" cb="2"/><line nr="53" mi="0" ci="3" mb="0" cb="0"/><line nr="58" mi="0" ci="5" mb="0" cb="0"/><line nr="59" mi="0" ci="3" mb="0" cb="2"/><line nr="60" mi="0" ci="3" mb="0" cb="0"/><line nr="63" mi="0" ci="1" mb="0" cb="0"/><line nr="72" mi="0" ci="2" mb="0" cb="0"/><line nr="74" mi="0" ci="3" mb="0" cb="0"/><line nr="75" mi="0" ci="14" mb="4" cb="4"/><line nr="76" mi="3" ci="0" mb="0" cb="0"/><line nr="77" mi="3" ci="0" mb="0" cb="0"/><line nr="78" mi="1" ci="0" mb="0" cb="0"/><line nr="79" mi="0" ci="6" mb="0" cb="0"/><line nr="83" mi="0" ci="4" mb="0" cb="2"/><line nr="84" mi="0" ci="13" mb="0" cb="0"/><line nr="86" mi="0" ci="4" mb="0" cb="2"/><line nr="87" mi="0" ci="9" mb="0" cb="0"/><line nr="89" mi="0" ci="4" mb="1" cb="1"/><line nr="90" mi="5" ci="0" mb="0" cb="0"/><line nr="91" mi="3" ci="0" mb="2" cb="0"/><line nr="92" mi="3" ci="0" mb="0" cb="0"/><line nr="93" mi="4" ci="0" mb="0" cb="0"/><line nr="98" mi="0" ci="1" mb="0" cb="0"/><line nr="105" mi="0" ci="2" mb="0" cb="0"/><line nr="106" mi="0" ci="3" mb="0" cb="0"/><line nr="107" mi="0" ci="3" mb="0" cb="0"/><line nr="108" mi="0" ci="3" mb="0" cb="0"/><line nr="109" mi="0" ci="1" mb="0" cb="0"/><line nr="116" mi="0" ci="3" mb="0" cb="0"/><line nr="124" mi="0" ci="3" mb="0" cb="0"/><line nr="133" mi="0" ci="3" mb="0" cb="0"/><line nr="143" mi="1" ci="12" mb="1" cb="1"/><line nr="147" mi="1" ci="12" mb="1" cb="1"/><line nr="151" mi="0" ci="4" mb="1" cb="1"/><line nr="152" mi="0" ci="5" mb="1" cb="1"/><line nr="153" mi="2" ci="0" mb="0" cb="0"/><line nr="154" mi="0" ci="5" mb="1" cb="1"/><line nr="155" mi="2" ci="0" mb="0" cb="0"/><line nr="156" mi="0" ci="5" mb="0" cb="0"/><line nr="159" mi="2" ci="0" mb="0" cb="0"/><line nr="163" mi="3" ci="11" mb="1" cb="1"/><line nr="173" mi="8" ci="0" mb="4" cb="0"/><line nr="174" mi="7" ci="0" mb="0" cb="0"/><line nr="176" mi="2" ci="0" mb="0" cb="0"/><line nr="184" mi="14" ci="0" mb="4" cb="0"/><line nr="192" mi="0" ci="3" mb="0" cb="0"/><line nr="197" mi="2" ci="0" mb="2" cb="0"/><line nr="198" mi="2" ci="0" mb="0" cb="0"/><line nr="200" mi="2" ci="0" mb="0" cb="0"/><line nr="208" mi="3" ci="0" mb="2" cb="0"/><line nr="209" mi="2" ci="0" mb="0" cb="0"/><line nr="212" mi="3" ci="0" mb="0" cb="0"/><line nr="214" mi="15" ci="0" mb="4" cb="0"/><line nr="219" mi="0" ci="2" mb="0" cb="0"/><counter type="INSTRUCTION" missed="102" covered="281"/><counter type="BRANCH" missed="31" covered="25"/><counter type="LINE" missed="24" covered="47"/><counter type="COMPLEXITY" missed="26" covered="20"/><counter type="METHOD" missed="4" covered="14"/><counter type="CLASS" missed="0" covered="2"/></sourcefile><sourcefile name="DataSetColumn.java"><line nr="12" mi="2" ci="0" mb="0" cb="0"/><line nr="13" mi="3" ci="0" mb="0" cb="0"/><line nr="14" mi="3" ci="0" mb="0" cb="0"/><line nr="15" mi="1" ci="0" mb="0" cb="0"/><line nr="25" mi="13" ci="0" mb="2" cb="0"/><line nr="26" mi="4" ci="0" mb="2" cb="0"/><line nr="27" mi="2" ci="0" mb="0" cb="0"/><line nr="29" mi="2" ci="0" mb="0" cb="0"/><line nr="33" mi="3" ci="0" mb="0" cb="0"/><line nr="37" mi="3" ci="0" mb="0" cb="0"/><line nr="42" mi="2" ci="0" mb="0" cb="0"/><counter type="INSTRUCTION" missed="38" covered="0"/><counter type="BRANCH" missed="4" covered="0"/><counter type="LINE" missed="11" covered="0"/><counter type="COMPLEXITY" missed="7" covered="0"/><counter type="METHOD" missed="5" covered="0"/><counter type="CLASS" missed="1" covered="0"/></sourcefile><sourcefile name="Procedure.java"><line nr="22" mi="2" ci="0" mb="0" cb="0"/><line nr="23" mi="3" ci="0" mb="0" cb="0"/><line nr="24" mi="5" ci="0" mb="0" cb="0"/><line nr="25" mi="1" ci="0" mb="0" cb="0"/><line nr="33" mi="3" ci="0" mb="0" cb="0"/><line nr="34" mi="1" ci="0" mb="0" cb="0"/><line nr="45" mi="11" ci="0" mb="0" cb="0"/><line nr="46" mi="1" ci="0" mb="0" cb="0"/><line nr="54" mi="6" ci="0" mb="0" cb="0"/><line nr="62" mi="3" ci="0" mb="2" cb="0"/><line nr="63" mi="2" ci="0" mb="0" cb="0"/><line nr="64" mi="4" ci="0" mb="0" cb="0"/><line nr="72" mi="4" ci="0" mb="0" cb="0"/><line nr="80" mi="3" ci="0" mb="0" cb="0"/><line nr="89" mi="7" ci="0" mb="0" cb="0"/><line nr="102" mi="6" ci="0" mb="2" cb="0"/><line nr="103" mi="6" ci="0" mb="0" cb="0"/><line nr="104" mi="3" ci="0" mb="0" cb="0"/><line nr="105" mi="6" ci="0" mb="0" cb="0"/><line nr="106" mi="2" ci="0" mb="0" cb="0"/><line nr="109" mi="2" ci="0" mb="0" cb="0"/><line nr="119" mi="7" ci="0" mb="4" cb="0"/><line nr="120" mi="6" ci="0" mb="0" cb="0"/><line nr="121" mi="3" ci="0" mb="0" cb="0"/><line nr="122" mi="6" ci="0" mb="0" cb="0"/><line nr="124" mi="1" ci="0" mb="0" cb="0"/><line nr="134" mi="7" ci="0" mb="4" cb="0"/><line nr="135" mi="2" ci="0" mb="0" cb="0"/><line nr="137" mi="21" ci="0" mb="4" cb="0"/><line nr="147" mi="12" ci="0" mb="2" cb="0"/><line nr="148" mi="5" ci="0" mb="2" cb="0"/><line nr="149" mi="3" ci="0" mb="0" cb="0"/><line nr="151" mi="2" ci="0" mb="0" cb="0"/><line nr="155" mi="11" ci="0" mb="0" cb="0"/><line nr="174" mi="2" ci="0" mb="0" cb="0"/><line nr="175" mi="3" ci="0" mb="0" cb="0"/><line nr="176" mi="3" ci="0" mb="0" cb="0"/><line nr="177" mi="3" ci="0" mb="0" cb="0"/><line nr="178" mi="3" ci="0" mb="0" cb="0"/><line nr="179" mi="1" ci="0" mb="0" cb="0"/><line nr="186" mi="3" ci="0" mb="0" cb="0"/><line nr="187" mi="1" ci="0" mb="0" cb="0"/><line nr="194" mi="3" ci="0" mb="0" cb="0"/><line nr="202" mi="3" ci="0" mb="0" cb="0"/><line nr="210" mi="3" ci="0" mb="0" cb="0"/><line nr="218" mi="3" ci="0" mb="0" cb="0"/><line nr="226" mi="5" ci="0" mb="0" cb="0"/><counter type="INSTRUCTION" missed="203" covered="0"/><counter type="BRANCH" missed="20" covered="0"/><counter type="LINE" missed="47" covered="0"/><counter type="COMPLEXITY" missed="30" covered="0"/><counter type="METHOD" missed="20" covered="0"/><counter type="CLASS" missed="2" covered="0"/></sourcefile><sourcefile name="VTLObj.java"><line nr="7" mi="0" ci="40" mb="0" cb="0"/><line nr="8" mi="0" ci="6" mb="0" cb="0"/><line nr="10" mi="0" ci="6" mb="0" cb="0"/><line nr="11" mi="0" ci="6" mb="0" cb="0"/><line nr="12" mi="0" ci="6" mb="0" cb="0"/><line nr="14" mi="0" ci="5" mb="0" cb="0"/><line nr="15" mi="0" ci="1" mb="0" cb="0"/><line nr="17" mi="0" ci="6" mb="0" cb="0"/><line nr="19" mi="0" ci="6" mb="0" cb="0"/><line nr="20" mi="0" ci="6" mb="0" cb="0"/><line nr="21" mi="0" ci="6" mb="0" cb="0"/><counter type="INSTRUCTION" missed="0" covered="94"/><counter type="LINE" missed="0" covered="11"/><counter type="COMPLEXITY" missed="0" covered="1"/><counter type="METHOD" missed="0" covered="1"/><counter type="CLASS" missed="0" covered="1"/></sourcefile><sourcefile name="Function.java"><line nr="18" mi="2" ci="0" mb="0" cb="0"/><line nr="19" mi="3" ci="0" mb="0" cb="0"/><line nr="20" mi="5" ci="0" mb="0" cb="0"/><line nr="21" mi="1" ci="0" mb="0" cb="0"/><line nr="24" mi="9" ci="0" mb="0" cb="0"/><line nr="25" mi="1" ci="0" mb="0" cb="0"/><line nr="28" mi="3" ci="0" mb="0" cb="0"/><line nr="29" mi="1" ci="0" mb="0" cb="0"/><line nr="32" mi="3" ci="0" mb="0" cb="0"/><line nr="33" mi="1" ci="0" mb="0" cb="0"/><line nr="36" mi="7" ci="0" mb="4" cb="0"/><line nr="37" mi="6" ci="0" mb="0" cb="0"/><line nr="38" mi="3" ci="0" mb="0" cb="0"/><line nr="39" mi="6" ci="0" mb="0" cb="0"/><line nr="41" mi="1" ci="0" mb="0" cb="0"/><line nr="44" mi="3" ci="0" mb="0" cb="0"/><line nr="48" mi="3" ci="0" mb="0" cb="0"/><line nr="52" mi="3" ci="0" mb="0" cb="0"/><line nr="56" mi="4" ci="0" mb="0" cb="0"/><line nr="60" mi="7" ci="0" mb="0" cb="0"/><line nr="64" mi="12" ci="0" mb="2" cb="0"/><line nr="65" mi="5" ci="0" mb="2" cb="0"/><line nr="66" mi="3" ci="0" mb="0" cb="0"/><line nr="68" mi="2" ci="0" mb="0" cb="0"/><line nr="77" mi="5" ci="0" mb="0" cb="0"/><line nr="78" mi="3" ci="0" mb="0" cb="0"/><line nr="79" mi="3" ci="0" mb="0" cb="0"/><line nr="80" mi="1" ci="0" mb="0" cb="0"/><line nr="83" mi="3" ci="0" mb="0" cb="0"/><line nr="84" mi="1" ci="0" mb="0" cb="0"/><line nr="87" mi="3" ci="0" mb="0" cb="0"/><line nr="91" mi="3" ci="0" mb="0" cb="0"/><counter type="INSTRUCTION" missed="116" covered="0"/><counter type="BRANCH" missed="8" covered="0"/><counter type="LINE" missed="32" covered="0"/><counter type="COMPLEXITY" missed="19" covered="0"/><counter type="METHOD" missed="15" covered="0"/><counter type="CLASS" missed="2" covered="0"/></sourcefile><sourcefile name="DataPoint.java"><line nr="22" mi="0" ci="2" mb="0" cb="0"/><line nr="23" mi="0" ci="5" mb="0" cb="0"/><line nr="24" mi="0" ci="5" mb="0" cb="0"/><line nr="25" mi="0" ci="1" mb="0" cb="0"/><line nr="32" mi="0" ci="2" mb="0" cb="0"/><line nr="33" mi="0" ci="2" mb="1" cb="1"/><line nr="34" mi="5" ci="0" mb="0" cb="0"/><line nr="35" mi="0" ci="3" mb="0" cb="0"/><line nr="36" mi="0" ci="5" mb="0" cb="0"/><line nr="37" mi="0" ci="1" mb="0" cb="0"/><line nr="45" mi="0" ci="2" mb="0" cb="0"/><line nr="46" mi="0" ci="5" mb="1" cb="1"/><line nr="47" mi="5" ci="0" mb="0" cb="0"/><line nr="50" mi="0" ci="5" mb="0" cb="0"/><line nr="51" mi="0" ci="5" mb="0" cb="0"/><line nr="53" mi="0" ci="8" mb="0" cb="2"/><line nr="54" mi="0" ci="10" mb="0" cb="0"/><line nr="57" mi="0" ci="1" mb="0" cb="0"/><line nr="60" mi="0" ci="4" mb="0" cb="0"/><line nr="70" mi="0" ci="6" mb="0" cb="0"/><line nr="74" mi="7" ci="0" mb="0" cb="0"/><line nr="84" mi="0" ci="6" mb="0" cb="0"/><line nr="85" mi="0" ci="5" mb="0" cb="2"/><line nr="86" mi="0" ci="7" mb="0" cb="0"/><line nr="88" mi="0" ci="1" mb="0" cb="0"/><line nr="91" mi="4" ci="0" mb="0" cb="0"/><line nr="97" mi="3" ci="0" mb="2" cb="0"/><line nr="98" mi="2" ci="0" mb="0" cb="0"/><line nr="100" mi="3" ci="0" mb="0" cb="0"/><line nr="102" mi="7" ci="0" mb="2" cb="0"/><line nr="103" mi="2" ci="0" mb="0" cb="0"/><line nr="105" mi="13" ci="0" mb="2" cb="0"/><line nr="106" mi="9" ci="0" mb="2" cb="0"/><line nr="107" mi="2" ci="0" mb="0" cb="0"/><line nr="111" mi="2" ci="0" mb="0" cb="0"/><line nr="126" mi="7" ci="0" mb="2" cb="0"/><line nr="127" mi="12" ci="0" mb="2" cb="0"/><line nr="132" mi="9" ci="0" mb="4" cb="0"/><line nr="133" mi="1" ci="0" mb="0" cb="0"/><line nr="136" mi="5" ci="0" mb="2" cb="0"/><line nr="137" mi="10" ci="0" mb="2" cb="0"/><line nr="138" mi="2" ci="0" mb="0" cb="0"/><line nr="141" mi="2" ci="0" mb="0" cb="0"/><line nr="145" mi="1" ci="0" mb="0" cb="0"/><line nr="146" mi="13" ci="0" mb="2" cb="0"/><line nr="151" mi="4" ci="0" mb="2" cb="0"/><line nr="152" mi="1" ci="0" mb="0" cb="0"/><line nr="154" mi="9" ci="0" mb="4" cb="0"/><line nr="155" mi="1" ci="0" mb="0" cb="0"/><line nr="158" mi="4" ci="0" mb="2" cb="0"/><line nr="159" mi="9" ci="0" mb="2" cb="0"/><line nr="160" mi="2" ci="0" mb="0" cb="0"/><line nr="163" mi="2" ci="0" mb="0" cb="0"/><line nr="169" mi="2" ci="0" mb="0" cb="0"/><counter type="INSTRUCTION" missed="160" covered="91"/><counter type="BRANCH" missed="34" covered="6"/><counter type="LINE" missed="32" covered="22"/><counter type="COMPLEXITY" missed="22" covered="8"/><counter type="METHOD" missed="4" covered="6"/><counter type="CLASS" missed="0" covered="1"/></sourcefile><sourcefile name="DPRuleset.java"><line nr="28" mi="2" ci="0" mb="0" cb="0"/><line nr="29" mi="3" ci="0" mb="0" cb="0"/><line nr="30" mi="4" ci="0" mb="0" cb="0"/><line nr="31" mi="5" ci="0" mb="0" cb="0"/><line nr="32" mi="1" ci="0" mb="0" cb="0"/><line nr="35" mi="3" ci="0" mb="0" cb="0"/><line nr="39" mi="3" ci="0" mb="0" cb="0"/><line nr="43" mi="3" ci="0" mb="0" cb="0"/><line nr="47" mi="5" ci="0" mb="0" cb="0"/><line nr="48" mi="1" ci="0" mb="0" cb="0"/><line nr="56" mi="2" ci="0" mb="0" cb="0"/><counter type="INSTRUCTION" missed="32" covered="0"/><counter type="LINE" missed="11" covered="0"/><counter type="COMPLEXITY" missed="6" covered="0"/><counter type="METHOD" missed="6" covered="0"/><counter type="CLASS" missed="1" covered="0"/></sourcefile><sourcefile name="ValueDomain.java"><line nr="27" mi="0" ci="2" mb="0" cb="0"/><line nr="28" mi="0" ci="3" mb="0" cb="0"/><line nr="29" mi="0" ci="3" mb="0" cb="0"/><line nr="30" mi="0" ci="3" mb="0" cb="0"/><line nr="31" mi="0" ci="3" mb="0" cb="0"/><line nr="32" mi="0" ci="3" mb="0" cb="0"/><line nr="33" mi="0" ci="1" mb="0" cb="0"/><line nr="35" mi="2" ci="0" mb="0" cb="0"/><line nr="36" mi="3" ci="0" mb="0" cb="0"/><line nr="37" mi="3" ci="0" mb="0" cb="0"/><line nr="38" mi="3" ci="0" mb="0" cb="0"/><line nr="39" mi="3" ci="0" mb="0" cb="0"/><line nr="40" mi="1" ci="0" mb="0" cb="0"/><line nr="43" mi="0" ci="3" mb="0" cb="0"/><line nr="55" mi="0" ci="3" mb="0" cb="0"/><line nr="69" mi="0" ci="4" mb="0" cb="0"/><line nr="72" mi="0" ci="2" mb="1" cb="1"/><line nr="75" mi="0" ci="3" mb="1" cb="1"/><line nr="76" mi="2" ci="0" mb="0" cb="0"/><line nr="79" mi="0" ci="3" mb="1" cb="1"/><line nr="80" mi="0" ci="6" mb="0" cb="0"/><line nr="83" mi="12" ci="0" mb="2" cb="0"/><line nr="84" mi="5" ci="0" mb="2" cb="0"/><line nr="85" mi="2" ci="0" mb="0" cb="0"/><line nr="91" mi="2" ci="0" mb="0" cb="0"/><line nr="96" mi="2" ci="0" mb="0" cb="0"/><counter type="INSTRUCTION" missed="40" covered="42"/><counter type="BRANCH" missed="7" covered="3"/><counter type="LINE" missed="12" covered="14"/><counter type="COMPLEXITY" missed="7" covered="4"/><counter type="METHOD" missed="2" covered="4"/><counter type="CLASS" missed="0" covered="1"/></sourcefile><counter type="INSTRUCTION" missed="1010" covered="917"/><counter type="BRANCH" missed="184" covered="64"/><counter type="LINE" missed="234" covered="186"/><counter type="COMPLEXITY" missed="170" covered="63"/><counter type="METHOD" missed="59" covered="49"/><counter type="CLASS" missed="6" covered="8"/></package><package name="it/islandofcode/jvtllib/model/exception"><class name="it/islandofcode/jvtllib/model/exception/DataPointInvalidCostructor"><method name="&lt;init&gt;" desc="()V" line="12"><counter type="INSTRUCTION" missed="4" covered="0"/><counter type="LINE" missed="2" covered="0"/><counter type="COMPLEXITY" missed="1" covered="0"/><counter type="METHOD" missed="1" covered="0"/></method><method name="&lt;init&gt;" desc="(Ljava/lang/String;)V" line="19"><counter type="INSTRUCTION" missed="4" covered="0"/><counter type="LINE" missed="2" covered="0"/><counter type="COMPLEXITY" missed="1" covered="0"/><counter type="METHOD" missed="1" covered="0"/></method><method name="&lt;init&gt;" desc="(Ljava/lang/Throwable;)V" line="26"><counter type="INSTRUCTION" missed="4" covered="0"/><counter type="LINE" missed="2" covered="0"/><counter type="COMPLEXITY" missed="1" covered="0"/><counter type="METHOD" missed="1" covered="0"/></method><method name="&lt;init&gt;" desc="(Ljava/lang/String;Ljava/lang/Throwable;)V" line="34"><counter type="INSTRUCTION" missed="5" covered="0"/><counter type="LINE" missed="2" covered="0"/><counter type="COMPLEXITY" missed="1" covered="0"/><counter type="METHOD" missed="1" covered="0"/></method><method name="&lt;init&gt;" desc="(Ljava/lang/String;Ljava/lang/Throwable;ZZ)V" line="45"><counter type="INSTRUCTION" missed="7" covered="0"/><counter type="LINE" missed="2" covered="0"/><counter type="COMPLEXITY" missed="1" covered="0"/><counter type="METHOD" missed="1" covered="0"/></method><counter type="INSTRUCTION" missed="24" covered="0"/><counter type="LINE" missed="10" covered="0"/><counter type="COMPLEXITY" missed="5" covered="0"/><counter type="METHOD" missed="5" covered="0"/><counter type="CLASS" missed="1" covered="0"/></class><class name="it/islandofcode/jvtllib/model/exception/DataStructureNotComplete"><method name="&lt;init&gt;" desc="()V" line="16"><counter type="INSTRUCTION" missed="4" covered="0"/><counter type="LINE" missed="2" covered="0"/><counter type="COMPLEXITY" missed="1" covered="0"/><counter type="METHOD" missed="1" covered="0"/></method><method name="&lt;init&gt;" desc="(Ljava/lang/String;)V" line="23"><counter type="INSTRUCTION" missed="4" covered="0"/><counter type="LINE" missed="2" covered="0"/><counter type="COMPLEXITY" missed="1" covered="0"/><counter type="METHOD" missed="1" covered="0"/></method><method name="&lt;init&gt;" desc="(Ljava/lang/Throwable;)V" line="30"><counter type="INSTRUCTION" missed="4" covered="0"/><counter type="LINE" missed="2" covered="0"/><counter type="COMPLEXITY" missed="1" covered="0"/><counter type="METHOD" missed="1" covered="0"/></method><method name="&lt;init&gt;" desc="(Ljava/lang/String;Ljava/lang/Throwable;)V" line="38"><counter type="INSTRUCTION" missed="5" covered="0"/><counter type="LINE" missed="2" covered="0"/><counter type="COMPLEXITY" missed="1" covered="0"/><counter type="METHOD" missed="1" covered="0"/></method><method name="&lt;init&gt;" desc="(Ljava/lang/String;Ljava/lang/Throwable;ZZ)V" line="48"><counter type="INSTRUCTION" missed="7" covered="0"/><counter type="LINE" missed="2" covered="0"/><counter type="COMPLEXITY" missed="1" covered="0"/><counter type="METHOD" missed="1" covered="0"/></method><counter type="INSTRUCTION" missed="24" covered="0"/><counter type="LINE" missed="10" covered="0"/><counter type="COMPLEXITY" missed="5" covered="0"/><counter type="METHOD" missed="5" covered="0"/><counter type="CLASS" missed="1" covered="0"/></class><sourcefile name="DataStructureNotComplete.java"><line nr="16" mi="3" ci="0" mb="0" cb="0"/><line nr="17" mi="1" ci="0" mb="0" cb="0"/><line nr="23" mi="3" ci="0" mb="0" cb="0"/><line nr="24" mi="1" ci="0" mb="0" cb="0"/><line nr="30" mi="3" ci="0" mb="0" cb="0"/><line nr="31" mi="1" ci="0" mb="0" cb="0"/><line nr="38" mi="4" ci="0" mb="0" cb="0"/><line nr="39" mi="1" ci="0" mb="0" cb="0"/><line nr="48" mi="6" ci="0" mb="0" cb="0"/><line nr="49" mi="1" ci="0" mb="0" cb="0"/><counter type="INSTRUCTION" missed="24" covered="0"/><counter type="LINE" missed="10" covered="0"/><counter type="COMPLEXITY" missed="5" covered="0"/><counter type="METHOD" missed="5" covered="0"/><counter type="CLASS" missed="1" covered="0"/></sourcefile><sourcefile name="DataPointInvalidCostructor.java"><line nr="12" mi="3" ci="0" mb="0" cb="0"/><line nr="13" mi="1" ci="0" mb="0" cb="0"/><line nr="19" mi="3" ci="0" mb="0" cb="0"/><line nr="20" mi="1" ci="0" mb="0" cb="0"/><line nr="26" mi="3" ci="0" mb="0" cb="0"/><line nr="27" mi="1" ci="0" mb="0" cb="0"/><line nr="34" mi="4" ci="0" mb="0" cb="0"/><line nr="35" mi="1" ci="0" mb="0" cb="0"/><line nr="45" mi="6" ci="0" mb="0" cb="0"/><line nr="46" mi="1" ci="0" mb="0" cb="0"/><counter type="INSTRUCTION" missed="24" covered="0"/><counter type="LINE" missed="10" covered="0"/><counter type="COMPLEXITY" missed="5" covered="0"/><counter type="METHOD" missed="5" covered="0"/><counter type="CLASS" missed="1" covered="0"/></sourcefile><counter type="INSTRUCTION" missed="48" covered="0"/><counter type="LINE" missed="20" covered="0"/><counter type="COMPLEXITY" missed="10" covered="0"/><counter type="METHOD" missed="10" covered="0"/><counter type="CLASS" missed="2" covered="0"/></package><counter type="INSTRUCTION" missed="22927" covered="1340"/><counter type="BRANCH" missed="1599" covered="81"/><counter type="LINE" missed="4548" covered="282"/><counter type="COMPLEXITY" missed="1879" covered="90"/><counter type="METHOD" missed="1015" covered="69"/><counter type="CLASS" missed="123" covered="13"/></report>